Notice: Output directory `doc' does not exist. I have created it for you.
Searching for include files...
Searching for example files...
Searching for images...
Searching for dot files...
Searching for msc files...
Searching for dia files...
Searching for files to exclude
Searching INPUT for files to process...
Searching for files in directory /home/travis/build/ThunderEgg/ThunderEgg/src
Searching for files in directory /home/travis/build/ThunderEgg/ThunderEgg/src/CMakeFiles
Searching for files in directory /home/travis/build/ThunderEgg/ThunderEgg/src/CMakeFiles/Export
Searching for files in directory /home/travis/build/ThunderEgg/ThunderEgg/src/CMakeFiles/Export/share
Searching for files in directory /home/travis/build/ThunderEgg/ThunderEgg/src/CMakeFiles/Export/share/ThunderEgg
Searching for files in directory /home/travis/build/ThunderEgg/ThunderEgg/src/CMakeFiles/Export/share/ThunderEgg/cmake
Searching for files in directory /home/travis/build/ThunderEgg/ThunderEgg/src/CMakeFiles/ThunderEgg.dir
Searching for files in directory /home/travis/build/ThunderEgg/ThunderEgg/src/CMakeFiles/ThunderEgg.dir/ThunderEgg
Searching for files in directory /home/travis/build/ThunderEgg/ThunderEgg/src/CMakeFiles/ThunderEgg.dir/ThunderEgg/Experimental
Searching for files in directory /home/travis/build/ThunderEgg/ThunderEgg/src/CMakeFiles/ThunderEgg.dir/ThunderEgg/GMG
Searching for files in directory /home/travis/build/ThunderEgg/ThunderEgg/src/CMakeFiles/ThunderEgg.dir/ThunderEgg/Poisson
Searching for files in directory /home/travis/build/ThunderEgg/ThunderEgg/src/CMakeFiles/ThunderEgg.dir/ThunderEgg/Schur
Searching for files in directory /home/travis/build/ThunderEgg/ThunderEgg/src/CMakeFiles/ThunderEgg.dir/ThunderEgg/VarPoisson
Searching for files in directory /home/travis/build/ThunderEgg/ThunderEgg/src/ThunderEgg
Searching for files in directory /home/travis/build/ThunderEgg/ThunderEgg/src/ThunderEgg/Experimental
Searching for files in directory /home/travis/build/ThunderEgg/ThunderEgg/src/ThunderEgg/GMG
Searching for files in directory /home/travis/build/ThunderEgg/ThunderEgg/src/ThunderEgg/PETSc
Searching for files in directory /home/travis/build/ThunderEgg/ThunderEgg/src/ThunderEgg/Poisson
Searching for files in directory /home/travis/build/ThunderEgg/ThunderEgg/src/ThunderEgg/Schur
Searching for files in directory /home/travis/build/ThunderEgg/ThunderEgg/src/ThunderEgg/tpl
Searching for files in directory /home/travis/build/ThunderEgg/ThunderEgg/src/ThunderEgg/VarPoisson
Reading and parsing tag files
Parsing files
Reading /home/travis/build/ThunderEgg/ThunderEgg/src/README.md...
Preprocessing /home/travis/build/ThunderEgg/ThunderEgg/src/ThunderEgg/BiCGStab.h...
Parsing file /home/travis/build/ThunderEgg/ThunderEgg/src/ThunderEgg/BiCGStab.h...
Preprocessing /home/travis/build/ThunderEgg/ThunderEgg/src/ThunderEgg/BiCGStabPatchSolver.h...
Parsing file /home/travis/build/ThunderEgg/ThunderEgg/src/ThunderEgg/BiCGStabPatchSolver.h...
Preprocessing /home/travis/build/ThunderEgg/ThunderEgg/src/ThunderEgg/BiLinearGhostFiller.h...
Parsing file /home/travis/build/ThunderEgg/ThunderEgg/src/ThunderEgg/BiLinearGhostFiller.h...
Preprocessing /home/travis/build/ThunderEgg/ThunderEgg/src/ThunderEgg/BiQuadraticGhostFiller.h...
Parsing file /home/travis/build/ThunderEgg/ThunderEgg/src/ThunderEgg/BiQuadraticGhostFiller.h...
Preprocessing /home/travis/build/ThunderEgg/ThunderEgg/src/ThunderEgg/BufferReader.h...
Parsing file /home/travis/build/ThunderEgg/ThunderEgg/src/ThunderEgg/BufferReader.h...
Preprocessing /home/travis/build/ThunderEgg/ThunderEgg/src/ThunderEgg/BufferWriter.h...
Parsing file /home/travis/build/ThunderEgg/ThunderEgg/src/ThunderEgg/BufferWriter.h...
Preprocessing /home/travis/build/ThunderEgg/ThunderEgg/src/ThunderEgg/CoarseNbrInfo.h...
Parsing file /home/travis/build/ThunderEgg/ThunderEgg/src/ThunderEgg/CoarseNbrInfo.h...
Preprocessing /home/travis/build/ThunderEgg/ThunderEgg/src/ThunderEgg/Domain.h...
Parsing file /home/travis/build/ThunderEgg/ThunderEgg/src/ThunderEgg/Domain.h...
Preprocessing /home/travis/build/ThunderEgg/ThunderEgg/src/ThunderEgg/DomainGenerator.h...
Parsing file /home/travis/build/ThunderEgg/ThunderEgg/src/ThunderEgg/DomainGenerator.h...
Preprocessing /home/travis/build/ThunderEgg/ThunderEgg/src/ThunderEgg/DomainTools.h...
Parsing file /home/travis/build/ThunderEgg/ThunderEgg/src/ThunderEgg/DomainTools.h...
Preprocessing /home/travis/build/ThunderEgg/ThunderEgg/src/ThunderEgg/Experimental/AmgxWrapper.h...
Parsing file /home/travis/build/ThunderEgg/ThunderEgg/src/ThunderEgg/Experimental/AmgxWrapper.h...
Preprocessing /home/travis/build/ThunderEgg/ThunderEgg/src/ThunderEgg/Experimental/ContigFftwSolver.h...
Parsing file /home/travis/build/ThunderEgg/ThunderEgg/src/ThunderEgg/Experimental/ContigFftwSolver.h...
Preprocessing /home/travis/build/ThunderEgg/ThunderEgg/src/ThunderEgg/Experimental/DomGen.h...
Parsing file /home/travis/build/ThunderEgg/ThunderEgg/src/ThunderEgg/Experimental/DomGen.h...
Preprocessing /home/travis/build/ThunderEgg/ThunderEgg/src/ThunderEgg/Experimental/OctNode.h...
Parsing file /home/travis/build/ThunderEgg/ThunderEgg/src/ThunderEgg/Experimental/OctNode.h...
Preprocessing /home/travis/build/ThunderEgg/ThunderEgg/src/ThunderEgg/Experimental/OctTree.h...
Parsing file /home/travis/build/ThunderEgg/ThunderEgg/src/ThunderEgg/Experimental/OctTree.h...
Preprocessing /home/travis/build/ThunderEgg/ThunderEgg/src/ThunderEgg/Experimental/PBMatrix.h...
Parsing file /home/travis/build/ThunderEgg/ThunderEgg/src/ThunderEgg/Experimental/PBMatrix.h...
Preprocessing /home/travis/build/ThunderEgg/ThunderEgg/src/ThunderEgg/Experimental/PolyChebPrec.h...
Parsing file /home/travis/build/ThunderEgg/ThunderEgg/src/ThunderEgg/Experimental/PolyChebPrec.h...
Preprocessing /home/travis/build/ThunderEgg/ThunderEgg/src/ThunderEgg/FineNbrInfo.h...
Parsing file /home/travis/build/ThunderEgg/ThunderEgg/src/ThunderEgg/FineNbrInfo.h...
Preprocessing /home/travis/build/ThunderEgg/ThunderEgg/src/ThunderEgg/GhostFiller.h...
Parsing file /home/travis/build/ThunderEgg/ThunderEgg/src/ThunderEgg/GhostFiller.h...
Preprocessing /home/travis/build/ThunderEgg/ThunderEgg/src/ThunderEgg/GMG/Cycle.h...
Parsing file /home/travis/build/ThunderEgg/ThunderEgg/src/ThunderEgg/GMG/Cycle.h...
Preprocessing /home/travis/build/ThunderEgg/ThunderEgg/src/ThunderEgg/GMG/CycleBuilder.h...
Parsing file /home/travis/build/ThunderEgg/ThunderEgg/src/ThunderEgg/GMG/CycleBuilder.h...
Preprocessing /home/travis/build/ThunderEgg/ThunderEgg/src/ThunderEgg/GMG/CycleOpts.h...
Parsing file /home/travis/build/ThunderEgg/ThunderEgg/src/ThunderEgg/GMG/CycleOpts.h...
Preprocessing /home/travis/build/ThunderEgg/ThunderEgg/src/ThunderEgg/GMG/DirectInterpolator.h...
Parsing file /home/travis/build/ThunderEgg/ThunderEgg/src/ThunderEgg/GMG/DirectInterpolator.h...
Preprocessing /home/travis/build/ThunderEgg/ThunderEgg/src/ThunderEgg/GMG/InterLevelComm.h...
Parsing file /home/travis/build/ThunderEgg/ThunderEgg/src/ThunderEgg/GMG/InterLevelComm.h...
Preprocessing /home/travis/build/ThunderEgg/ThunderEgg/src/ThunderEgg/GMG/Interpolator.h...
Parsing file /home/travis/build/ThunderEgg/ThunderEgg/src/ThunderEgg/GMG/Interpolator.h...
Preprocessing /home/travis/build/ThunderEgg/ThunderEgg/src/ThunderEgg/GMG/Level.h...
Parsing file /home/travis/build/ThunderEgg/ThunderEgg/src/ThunderEgg/GMG/Level.h...
Preprocessing /home/travis/build/ThunderEgg/ThunderEgg/src/ThunderEgg/GMG/LinearRestrictor.h...
Parsing file /home/travis/build/ThunderEgg/ThunderEgg/src/ThunderEgg/GMG/LinearRestrictor.h...
Preprocessing /home/travis/build/ThunderEgg/ThunderEgg/src/ThunderEgg/GMG/MPIInterpolator.h...
Parsing file /home/travis/build/ThunderEgg/ThunderEgg/src/ThunderEgg/GMG/MPIInterpolator.h...
Preprocessing /home/travis/build/ThunderEgg/ThunderEgg/src/ThunderEgg/GMG/MPIRestrictor.h...
Parsing file /home/travis/build/ThunderEgg/ThunderEgg/src/ThunderEgg/GMG/MPIRestrictor.h...
Preprocessing /home/travis/build/ThunderEgg/ThunderEgg/src/ThunderEgg/GMG/Restrictor.h...
Parsing file /home/travis/build/ThunderEgg/ThunderEgg/src/ThunderEgg/GMG/Restrictor.h...
Preprocessing /home/travis/build/ThunderEgg/ThunderEgg/src/ThunderEgg/GMG/Smoother.h...
Parsing file /home/travis/build/ThunderEgg/ThunderEgg/src/ThunderEgg/GMG/Smoother.h...
Preprocessing /home/travis/build/ThunderEgg/ThunderEgg/src/ThunderEgg/GMG/TriLinIntp.h...
Parsing file /home/travis/build/ThunderEgg/ThunderEgg/src/ThunderEgg/GMG/TriLinIntp.h...
Preprocessing /home/travis/build/ThunderEgg/ThunderEgg/src/ThunderEgg/GMG/VCycle.h...
Parsing file /home/travis/build/ThunderEgg/ThunderEgg/src/ThunderEgg/GMG/VCycle.h...
Preprocessing /home/travis/build/ThunderEgg/ThunderEgg/src/ThunderEgg/GMG/WCycle.h...
Parsing file /home/travis/build/ThunderEgg/ThunderEgg/src/ThunderEgg/GMG/WCycle.h...
Preprocessing /home/travis/build/ThunderEgg/ThunderEgg/src/ThunderEgg/LocalData.h...
Parsing file /home/travis/build/ThunderEgg/ThunderEgg/src/ThunderEgg/LocalData.h...
Preprocessing /home/travis/build/ThunderEgg/ThunderEgg/src/ThunderEgg/LocalDataManager.h...
Parsing file /home/travis/build/ThunderEgg/ThunderEgg/src/ThunderEgg/LocalDataManager.h...
Preprocessing /home/travis/build/ThunderEgg/ThunderEgg/src/ThunderEgg/Loops.h...
Parsing file /home/travis/build/ThunderEgg/ThunderEgg/src/ThunderEgg/Loops.h...
Preprocessing /home/travis/build/ThunderEgg/ThunderEgg/src/ThunderEgg/MPIGhostFiller.h...
Parsing file /home/travis/build/ThunderEgg/ThunderEgg/src/ThunderEgg/MPIGhostFiller.h...
Preprocessing /home/travis/build/ThunderEgg/ThunderEgg/src/ThunderEgg/NbrInfo.h...
Parsing file /home/travis/build/ThunderEgg/ThunderEgg/src/ThunderEgg/NbrInfo.h...
Preprocessing /home/travis/build/ThunderEgg/ThunderEgg/src/ThunderEgg/NbrType.h...
Parsing file /home/travis/build/ThunderEgg/ThunderEgg/src/ThunderEgg/NbrType.h...
Preprocessing /home/travis/build/ThunderEgg/ThunderEgg/src/ThunderEgg/NormalNbrInfo.h...
Parsing file /home/travis/build/ThunderEgg/ThunderEgg/src/ThunderEgg/NormalNbrInfo.h...
Preprocessing /home/travis/build/ThunderEgg/ThunderEgg/src/ThunderEgg/Operator.h...
Parsing file /home/travis/build/ThunderEgg/ThunderEgg/src/ThunderEgg/Operator.h...
Preprocessing /home/travis/build/ThunderEgg/ThunderEgg/src/ThunderEgg/Orthant.h...
Parsing file /home/travis/build/ThunderEgg/ThunderEgg/src/ThunderEgg/Orthant.h...
Preprocessing /home/travis/build/ThunderEgg/ThunderEgg/src/ThunderEgg/P4estDomGen.h...
Parsing file /home/travis/build/ThunderEgg/ThunderEgg/src/ThunderEgg/P4estDomGen.h...
Preprocessing /home/travis/build/ThunderEgg/ThunderEgg/src/ThunderEgg/PatchInfo.h...
Parsing file /home/travis/build/ThunderEgg/ThunderEgg/src/ThunderEgg/PatchInfo.h...
Preprocessing /home/travis/build/ThunderEgg/ThunderEgg/src/ThunderEgg/PatchOperator.h...
Parsing file /home/travis/build/ThunderEgg/ThunderEgg/src/ThunderEgg/PatchOperator.h...
Preprocessing /home/travis/build/ThunderEgg/ThunderEgg/src/ThunderEgg/PatchSolver.h...
Parsing file /home/travis/build/ThunderEgg/ThunderEgg/src/ThunderEgg/PatchSolver.h...
Preprocessing /home/travis/build/ThunderEgg/ThunderEgg/src/ThunderEgg/PETSc/MatShellCreator.h...
Parsing file /home/travis/build/ThunderEgg/ThunderEgg/src/ThunderEgg/PETSc/MatShellCreator.h...
Preprocessing /home/travis/build/ThunderEgg/ThunderEgg/src/ThunderEgg/PETSc/MatWrapper.h...
Parsing file /home/travis/build/ThunderEgg/ThunderEgg/src/ThunderEgg/PETSc/MatWrapper.h...
Preprocessing /home/travis/build/ThunderEgg/ThunderEgg/src/ThunderEgg/PETSc/PCShellCreator.h...
Parsing file /home/travis/build/ThunderEgg/ThunderEgg/src/ThunderEgg/PETSc/PCShellCreator.h...
Preprocessing /home/travis/build/ThunderEgg/ThunderEgg/src/ThunderEgg/PETSc/PETSc.dox...
Parsing file /home/travis/build/ThunderEgg/ThunderEgg/src/ThunderEgg/PETSc/PETSc.dox...
Preprocessing /home/travis/build/ThunderEgg/ThunderEgg/src/ThunderEgg/PETSc/VecLocalDataManager.h...
Parsing file /home/travis/build/ThunderEgg/ThunderEgg/src/ThunderEgg/PETSc/VecLocalDataManager.h...
Preprocessing /home/travis/build/ThunderEgg/ThunderEgg/src/ThunderEgg/PETSc/VecWrapper.h...
Parsing file /home/travis/build/ThunderEgg/ThunderEgg/src/ThunderEgg/PETSc/VecWrapper.h...
Preprocessing /home/travis/build/ThunderEgg/ThunderEgg/src/ThunderEgg/Poisson/DFTPatchSolver.h...
Parsing file /home/travis/build/ThunderEgg/ThunderEgg/src/ThunderEgg/Poisson/DFTPatchSolver.h...
Preprocessing /home/travis/build/ThunderEgg/ThunderEgg/src/ThunderEgg/Poisson/FastSchurMatrixAssemble2D.h...
Parsing file /home/travis/build/ThunderEgg/ThunderEgg/src/ThunderEgg/Poisson/FastSchurMatrixAssemble2D.h...
Preprocessing /home/travis/build/ThunderEgg/ThunderEgg/src/ThunderEgg/Poisson/FastSchurMatrixAssemble3D.h...
Parsing file /home/travis/build/ThunderEgg/ThunderEgg/src/ThunderEgg/Poisson/FastSchurMatrixAssemble3D.h...
Preprocessing /home/travis/build/ThunderEgg/ThunderEgg/src/ThunderEgg/Poisson/FFTWPatchSolver.h...
Parsing file /home/travis/build/ThunderEgg/ThunderEgg/src/ThunderEgg/Poisson/FFTWPatchSolver.h...
Preprocessing /home/travis/build/ThunderEgg/ThunderEgg/src/ThunderEgg/Poisson/MatrixHelper.h...
Parsing file /home/travis/build/ThunderEgg/ThunderEgg/src/ThunderEgg/Poisson/MatrixHelper.h...
Preprocessing /home/travis/build/ThunderEgg/ThunderEgg/src/ThunderEgg/Poisson/MatrixHelper2d.h...
Parsing file /home/travis/build/ThunderEgg/ThunderEgg/src/ThunderEgg/Poisson/MatrixHelper2d.h...
Preprocessing /home/travis/build/ThunderEgg/ThunderEgg/src/ThunderEgg/Poisson/StarPatchOperator.h...
Parsing file /home/travis/build/ThunderEgg/ThunderEgg/src/ThunderEgg/Poisson/StarPatchOperator.h...
Preprocessing /home/travis/build/ThunderEgg/ThunderEgg/src/ThunderEgg/Poisson/StencilHelper.h...
Parsing file /home/travis/build/ThunderEgg/ThunderEgg/src/ThunderEgg/Poisson/StencilHelper.h...
Preprocessing /home/travis/build/ThunderEgg/ThunderEgg/src/ThunderEgg/Poisson/StencilHelper2d.h...
Parsing file /home/travis/build/ThunderEgg/ThunderEgg/src/ThunderEgg/Poisson/StencilHelper2d.h...
Preprocessing /home/travis/build/ThunderEgg/ThunderEgg/src/ThunderEgg/RuntimeError.h...
Parsing file /home/travis/build/ThunderEgg/ThunderEgg/src/ThunderEgg/RuntimeError.h...
Preprocessing /home/travis/build/ThunderEgg/ThunderEgg/src/ThunderEgg/Schur/CoarseIfaceInfo.h...
Parsing file /home/travis/build/ThunderEgg/ThunderEgg/src/ThunderEgg/Schur/CoarseIfaceInfo.h...
Preprocessing /home/travis/build/ThunderEgg/ThunderEgg/src/ThunderEgg/Schur/FineIfaceInfo.h...
Parsing file /home/travis/build/ThunderEgg/ThunderEgg/src/ThunderEgg/Schur/FineIfaceInfo.h...
Preprocessing /home/travis/build/ThunderEgg/ThunderEgg/src/ThunderEgg/Schur/IfaceInfo.h...
Parsing file /home/travis/build/ThunderEgg/ThunderEgg/src/ThunderEgg/Schur/IfaceInfo.h...
Preprocessing /home/travis/build/ThunderEgg/ThunderEgg/src/ThunderEgg/Schur/IfaceMatrixHelper.h...
Parsing file /home/travis/build/ThunderEgg/ThunderEgg/src/ThunderEgg/Schur/IfaceMatrixHelper.h...
Preprocessing /home/travis/build/ThunderEgg/ThunderEgg/src/ThunderEgg/Schur/IfaceType.h...
Parsing file /home/travis/build/ThunderEgg/ThunderEgg/src/ThunderEgg/Schur/IfaceType.h...
Preprocessing /home/travis/build/ThunderEgg/ThunderEgg/src/ThunderEgg/Schur/Interface.h...
Parsing file /home/travis/build/ThunderEgg/ThunderEgg/src/ThunderEgg/Schur/Interface.h...
Preprocessing /home/travis/build/ThunderEgg/ThunderEgg/src/ThunderEgg/Schur/InterfaceDomain.h...
Parsing file /home/travis/build/ThunderEgg/ThunderEgg/src/ThunderEgg/Schur/InterfaceDomain.h...
Preprocessing /home/travis/build/ThunderEgg/ThunderEgg/src/ThunderEgg/Schur/NormalIfaceInfo.h...
Parsing file /home/travis/build/ThunderEgg/ThunderEgg/src/ThunderEgg/Schur/NormalIfaceInfo.h...
Preprocessing /home/travis/build/ThunderEgg/ThunderEgg/src/ThunderEgg/Schur/PatchIfaceInfo.h...
Parsing file /home/travis/build/ThunderEgg/ThunderEgg/src/ThunderEgg/Schur/PatchIfaceInfo.h...
Preprocessing /home/travis/build/ThunderEgg/ThunderEgg/src/ThunderEgg/Schur/PatchIfaceScatter.h...
Parsing file /home/travis/build/ThunderEgg/ThunderEgg/src/ThunderEgg/Schur/PatchIfaceScatter.h...
Preprocessing /home/travis/build/ThunderEgg/ThunderEgg/src/ThunderEgg/Schur/PatchSolverWrapper.h...
Parsing file /home/travis/build/ThunderEgg/ThunderEgg/src/ThunderEgg/Schur/PatchSolverWrapper.h...
Preprocessing /home/travis/build/ThunderEgg/ThunderEgg/src/ThunderEgg/Schur/Schur.dox...
Parsing file /home/travis/build/ThunderEgg/Thu/home/travis/build/ThunderEgg/ThunderEgg/src/ThunderEgg/Schur/IfaceMatrixHelper.h:27: warning: Compound IfaceMatrixHelper is not documented.
/home/travis/build/ThunderEgg/ThunderEgg/src/ThunderEgg/Poisson/StencilHelper2d.h:327: warning: Compound ThunderEgg::Poisson::FineSH2d is not documented.
/home/travis/build/ThunderEgg/ThunderEgg/src/ThunderEgg/Experimental/ContigFftwSolver.h:27: warning: Compound FftwChunk is not documented.
/home/travis/build/ThunderEgg/ThunderEgg/src/ThunderEgg/Loops.h:68: warning: Compound ThunderEgg::NestedLoop< D, 0, T, A > is not documented.
/home/travis/build/ThunderEgg/ThunderEgg/src/ThunderEgg/Poisson/StencilHelper2d.h:149: warning: Compound ThunderEgg::Poisson::NormalSH2d is not documented.
/home/travis/build/ThunderEgg/ThunderEgg/src/ThunderEgg/Experimental/PBMatrix.h:111: warning: Compound ThunderEgg::Experimental::BlockJacobiSmoother is not documented.
/home/travis/build/ThunderEgg/ThunderEgg/src/ThunderEgg/Loops.h:57: warning: Compound ThunderEgg::NestedLoop is not documented.
/home/travis/build/ThunderEgg/ThunderEgg/src/ThunderEgg/Poisson/StencilHelper2d.h:31: warning: Compound ThunderEgg::Poisson::StencilHelper2d is not documented.
/home/travis/build/ThunderEgg/ThunderEgg/src/ThunderEgg/Poisson/StencilHelper2d.h:41: warning: Compound ThunderEgg::Poisson::DirichletSH2d is not documented.
/home/travis/build/ThunderEgg/ThunderEgg/src/ThunderEgg/Poisson/StencilHelper.h:478: warning: Compound ThunderEgg::Poisson::FineSH is not documented.
/home/travis/build/ThunderEgg/ThunderEgg/src/ThunderEgg/Experimental/PBMatrix.h:38: warning: Compound ThunderEgg::Experimental::PBMatrix is not documented.
/home/travis/build/ThunderEgg/ThunderEgg/src/ThunderEgg/Loops.h:48: warning: Compound ThunderEgg::Loop< 0, -1, T > is not documented.
/home/travis/build/ThunderEgg/ThunderEgg/src/ThunderEgg/GMG/CycleOpts.h:53: warning: Compound ThunderEgg::GMG::CycleOpts is not documented.
/home/travis/build/ThunderEgg/ThunderEgg/src/ThunderEgg/Poisson/StencilHelper2d.h:95: warning: Compound ThunderEgg::Poisson::NeumannSH2d is not documented.
/home/travis/build/ThunderEgg/ThunderEgg/src/ThunderEgg/Experimental/ContigFftwSolver.h:53: warning: Compound ContigFftwSolver is not documented.
/home/travis/build/ThunderEgg/ThunderEgg/src/ThunderEgg/Loops.h:78: warning: Compound ThunderEgg::NestedLoop< 0, -1, T, A > is not documented.
/home/travis/build/ThunderEgg/ThunderEgg/src/ThunderEgg/Loops.h:30: warning: Compound ThunderEgg::Loop is not documented.
/home/travis/build/ThunderEgg/ThunderEgg/src/ThunderEgg/Poisson/StencilHelper2d.h:209: warning: Compound ThunderEgg::Poisson::CoarseSH2d is not documented.
/home/travis/build/ThunderEgg/ThunderEgg/src/ThunderEgg/Experimental/PBMatrix.h:40: warning: Compound ThunderEgg::Experimental::PBMatrix::PBlock is not documented.
/home/travis/build/ThunderEgg/ThunderEgg/src/ThunderEgg/Loops.h:40: warning: Compound ThunderEgg::Loop< start, start, T > is not documented.
/home/travis/build/ThunderEgg/ThunderEgg/src/ThunderEgg/Experimental/AmgxWrapper.h:30: warning: Compound AmgxWrapper is not documented.
/home/travis/build/ThunderEgg/ThunderEgg/src/ThunderEgg/Experimental/ContigFftwSolver.h:40: warning: Compound FftwChunkX is not documented.
/home/travis/build/ThunderEgg/ThunderEgg/src/ThunderEgg/Experimental/ContigFftwSolver.h:44: warning: Compound FftwChunkY is not documented.
/home/travis/build/ThunderEgg/ThunderEgg/src/ThunderEgg/Experimental/ContigFftwSolver.h:48: warning: Compound FftwChunkZ is not documented.
nderEgg/src/ThunderEgg/Schur/Schur.dox...
Preprocessing /home/travis/build/ThunderEgg/ThunderEgg/src/ThunderEgg/Schur/ValVectorGenerator.h...
Parsing file /home/travis/build/ThunderEgg/ThunderEgg/src/ThunderEgg/Schur/ValVectorGenerator.h...
Preprocessing /home/travis/build/ThunderEgg/ThunderEgg/src/ThunderEgg/Schur/VecWrapperGenerator.h...
Parsing file /home/travis/build/ThunderEgg/ThunderEgg/src/ThunderEgg/Schur/VecWrapperGenerator.h...
Preprocessing /home/travis/build/ThunderEgg/ThunderEgg/src/ThunderEgg/Serializable.h...
Parsing file /home/travis/build/ThunderEgg/ThunderEgg/src/ThunderEgg/Serializable.h...
Preprocessing /home/travis/build/ThunderEgg/ThunderEgg/src/ThunderEgg/Side.h...
Parsing file /home/travis/build/ThunderEgg/ThunderEgg/src/ThunderEgg/Side.h...
Preprocessing /home/travis/build/ThunderEgg/ThunderEgg/src/ThunderEgg/ThunderEgg.dox...
Parsing file /home/travis/build/ThunderEgg/ThunderEgg/src/ThunderEgg/ThunderEgg.dox...
Preprocessing /home/travis/build/ThunderEgg/ThunderEgg/src/ThunderEgg/Timer.h...
Parsing file /home/travis/build/ThunderEgg/ThunderEgg/src/ThunderEgg/Timer.h...
Preprocessing /home/travis/build/ThunderEgg/ThunderEgg/src/ThunderEgg/TriLinearGhostFiller.h...
Parsing file /home/travis/build/ThunderEgg/ThunderEgg/src/ThunderEgg/TriLinearGhostFiller.h...
Preprocessing /home/travis/build/ThunderEgg/ThunderEgg/src/ThunderEgg/TypeDefs.h...
Parsing file /home/travis/build/ThunderEgg/ThunderEgg/src/ThunderEgg/TypeDefs.h...
Preprocessing /home/travis/build/ThunderEgg/ThunderEgg/src/ThunderEgg/ValVector.h...
Parsing file /home/travis/build/ThunderEgg/ThunderEgg/src/ThunderEgg/ValVector.h...
Preprocessing /home/travis/build/ThunderEgg/ThunderEgg/src/ThunderEgg/ValVectorGenerator.h...
Parsing file /home/travis/build/ThunderEgg/ThunderEgg/src/ThunderEgg/ValVectorGenerator.h...
Preprocessing /home/travis/build/ThunderEgg/ThunderEgg/src/ThunderEgg/VarPoisson/StarPatchOperator.h...
Parsing file /home/travis/build/ThunderEgg/ThunderEgg/src/ThunderEgg/VarPoisson/StarPatchOperator.h...
Preprocessing /home/travis/build/ThunderEgg/ThunderEgg/src/ThunderEgg/Vector.h...
Parsing file /home/travis/build/ThunderEgg/ThunderEgg/src/ThunderEgg/Vector.h...
Preprocessing /home/travis/build/ThunderEgg/ThunderEgg/src/ThunderEgg/VectorGenerator.h...
Parsing file /home/travis/build/ThunderEgg/ThunderEgg/src/ThunderEgg/VectorGenerator.h...
Building group list...
Building directory list...
Building namespace list...
Building file list...
Building class list...
Associating documentation with classes...
Computing nesting relations for classes...
Building example list...
Searching for enumerations...
Searching for documented typedefs...
Searching for members imported via using declarations...
Searching for included using directives...
Searching for documented variables...
Building interface member list...
Building member list...
Searching for friends...
Searching for documented defines...
Computing class inheritance relations...
Computing class usage relations...
Flushing cached template relations that have become invalid...
Computing class relations...
Add enum values to enums...
Searching for member function documentation...
Creating members for template instances...
Building page list...
Search for main page...
Computing page relations...
Determining the scope of groups...
Sorting lists...
Freeing entry tree
Determining which enums are documented
Computing member relations...
Building full member lists recursively...
Adding members to member groups.
Computing member references...
Inheriting documentation...
Generating disk names...
Adding source references...
Adding xrefitems...
Sorting member lists...
Computing dependencies between directories...
Generating citations page...
Counting data structures...
Resolving user defined references...
Finding anchors and sections in the documentation...
Transferring function references...
Combining using relations...
Adding members to index pages...
Generating style sheet...
Generating search indices...
Generating example documentation...
Generating file sources...
Generating code for file /home/travis/build/ThunderEgg/ThunderEgg/src/ThunderEgg/BiCGStab.h...
Generating code for file /home/travis/build/ThunderEgg/ThunderEgg/src/ThunderEgg/BiCGStabPatchSolver.h...
Generating code for file /home/travis/build/ThunderEgg/ThunderEgg/src/ThunderEgg/BiLinearGhostFiller.h...
Generating code for file /home/travis/build/ThunderEgg/ThunderEgg/src/ThunderEgg/BiQuadraticGhostFiller.h...
Generating code for file /home/travis/build/ThunderEgg/ThunderEgg/src/ThunderEgg/BufferReader.h...
Generating code for file /home/travis/build/ThunderEgg/ThunderEgg/src/ThunderEgg/BufferWriter.h...
Generating code for file /home/travis/build/ThunderEgg/ThunderEgg/src/ThunderEgg/CoarseNbrInfo.h...
Generating code for file /home/travis/build/ThunderEgg/ThunderEgg/src/ThunderEgg/Domain.h...
Generating code for file /home/travis/build/ThunderEgg/ThunderEgg/src/ThunderEgg/DomainGenerator.h...
Generating code for file /home/travis/build/ThunderEgg/ThunderEgg/src/ThunderEgg/DomainTools.h...
Generating code for file /home/travis/build/ThunderEgg/ThunderEgg/src/ThunderEgg/Experimental/AmgxWrapper.h...
Generating code for file /home/travis/build/ThunderEgg/ThunderEgg/src/ThunderEgg/Experimental/ContigFftwSolver.h...
Generating code for file /home/travis/build/ThunderEgg/ThunderEgg/src/ThunderEgg/Experimental/DomGen.h...
Generating code for file /home/travis/build/ThunderEgg/ThunderEgg/src/ThunderEgg/Experimental/OctNode.h...
Generating code for file /home/travis/build/ThunderEgg/ThunderEgg/src/ThunderEgg/Experimental/OctTree.h...
Generating code for file /home/travis/build/ThunderEgg/ThunderEgg/src/ThunderEgg/Experimental/PBMatrix.h...
Generating code for file /home/travis/build/ThunderEgg/ThunderEgg/src/ThunderEgg/Experimental/PolyChebPrec.h...
Generating code for file /home/travis/build/ThunderEgg/ThunderEgg/src/ThunderEgg/FineNbrInfo.h...
Generating code for file /home/travis/build/ThunderEgg/ThunderEgg/src/ThunderEgg/GhostFiller.h...
Generating code for file /home/travis/build/ThunderEgg/ThunderEgg/src/ThunderEgg/GMG/Cycle.h...
Generating code for file /home/travis/build/ThunderEgg/ThunderEgg/src/ThunderEgg/GMG/CycleBuilder.h...
Generating code for file /home/travis/build/ThunderEgg/ThunderEgg/src/ThunderEgg/GMG/CycleOpts.h...
Generating code for file /home/travis/build/ThunderEgg/ThunderEgg/src/ThunderEgg/GMG/DirectInterpolator.h...
Generating code for file /home/travis/build/ThunderEgg/ThunderEgg/src/ThunderEgg/GMG/InterLevelComm.h...
Generating code for file /home/travis/build/ThunderEgg/ThunderEgg/src/ThunderEgg/GMG/Interpolator.h...
Generating code for file /home/travis/build/ThunderEgg/ThunderEgg/src/ThunderEgg/GMG/Level.h...
Generating code for file /home/travis/build/ThunderEgg/ThunderEgg/src/ThunderEgg/GMG/LinearRestrictor.h...
Generating code for file /home/travis/build/ThunderEgg/ThunderEgg/src/ThunderEgg/GMG/MPIInterpolator.h...
Generating code for file /home/travis/build/ThunderEgg/ThunderEgg/src/ThunderEgg/GMG/MPIRestrictor.h...
Generating code for file /home/travis/build/ThunderEgg/ThunderEgg/src/ThunderEgg/GMG/Restrictor.h...
Generating code for file /home/travis/build/ThunderEgg/ThunderEgg/src/ThunderEgg/GMG/Smoother.h...
Generating code for file /home/travis/build/ThunderEgg/ThunderEgg/src/ThunderEgg/GMG/TriLinIntp.h...
Generating code for file /home/travis/build/ThunderEgg/ThunderEgg/src/ThunderEgg/GMG/VCycle.h...
Generating code for file /home/travis/build/ThunderEgg/ThunderEgg/src/ThunderEgg/GMG/WCycle.h...
Generating code for file /home/travis/build/ThunderEgg/ThunderEgg/src/ThunderEgg/LocalData.h...
Generating code for file /home/travis/build/ThunderEgg/ThunderEgg/src/ThunderEgg/LocalDataManager.h...
Generating code for file /home/travis/build/ThunderEgg/ThunderEgg/src/ThunderEgg/Loops.h...
Generating code for file /home/travis/build/ThunderEgg/ThunderEgg/src/ThunderEgg/MPIGhostFiller.h...
Generating code for file /home/travis/build/ThunderEgg/ThunderEgg/src/ThunderEgg/NbrInfo.h...
Generating code for file /home/travis/build/ThunderEgg/ThunderEgg/src/ThunderEgg/NbrType.h...
Generating code for file /home/travis/build/ThunderEgg/ThunderEgg/src/ThunderEgg/NormalNbrInfo.h...
Generating code for file /home/travis/build/ThunderEgg/ThunderEgg/src/ThunderEgg/Operator.h...
Generating code for file /home/travis/build/ThunderEgg/ThunderEgg/src/ThunderEgg/Orthant.h...
Generating code for file /home/travis/build/ThunderEgg/ThunderEgg/src/ThunderEgg/P4estDomGen.h...
Generating code for file /home/travis/build/ThunderEgg/ThunderEgg/src/ThunderEgg/PatchInfo.h...
Generating code for file /home/travis/build/ThunderEgg/ThunderEgg/src/ThunderEgg/PatchOperator.h...
Generating code for file /home/travis/build/ThunderEgg/ThunderEgg/src/ThunderEgg/PatchSolver.h...
Generating code for file /home/travis/build/ThunderEgg/ThunderEgg/src/ThunderEgg/PETSc/MatShellCreator.h...
Generating code for file /home/travis/build/ThunderEgg/ThunderEgg/src/ThunderEgg/PETSc/MatWrapper.h...
Generating code for file /home/travis/build/ThunderEgg/ThunderEgg/src/ThunderEgg/PETSc/PCShellCreator.h...
Generating code for file /home/travis/build/ThunderEgg/ThunderEgg/src/ThunderEgg/PETSc/VecLocalDataManager.h...
Generating code for file /home/travis/build/ThunderEgg/ThunderEgg/src/ThunderEgg/PETSc/VecWrapper.h...
Generating code for file /home/travis/build/ThunderEgg/ThunderEgg/src/ThunderEgg/Poisson/DFTPatchSolver.h...
Generating code for file /home/travis/build/ThunderEgg/ThunderEgg/src/ThunderEgg/Poisson/FastSchurMatrixAssemble2D.h...
Generating code for file /home/travis/build/ThunderEgg/ThunderEgg/src/ThunderEgg/Poisson/FastSchurMatrixAssemble3D.h...
Generating code for file /home/travis/build/ThunderEgg/ThunderEgg/src/ThunderEgg/Poisson/FFTWPatchSolver.h...
Generating code for file /home/travis/build/ThunderEgg/ThunderEgg/src/ThunderEgg/Poisson/MatrixHelper.h...
Generating code for file /home/travis/build/ThunderEgg/ThunderEgg/src/ThunderEgg/Poisson/MatrixHelper2d.h...
Generating code for file /home/travis/build/ThunderEgg/ThunderEgg/src/ThunderEgg/Poisson/StarPatchOperator.h...
Generating code for file /home/travis/build/ThunderEgg/ThunderEgg/src/ThunderEgg/VarPoisson/StarPatchOperator.h...
Generating code for file /home/travis/build/ThunderEgg/ThunderEgg/src/ThunderEgg/Poisson/StencilHelper.h...
Generating code for file /home/travis/build/ThunderEgg/ThunderEgg/src/ThunderEgg/Poisson/StencilHelper2d.h...
Generating code for file /home/travis/build/ThunderEgg/ThunderEgg/src/ThunderEgg/RuntimeError.h...
Generating code for file /home/travis/build/ThunderEgg/ThunderEgg/src/ThunderEgg/Schur/CoarseIfaceInfo.h...
Generating code for file /home/travis/build/ThunderEgg/ThunderEgg/src/ThunderEgg/Schur/FineIfaceInfo.h...
Generating code for file /home/travis/build/ThunderEgg/ThunderEgg/src/ThunderEgg/Schur/IfaceInfo.h...
Generating code for file /home/travis/build/ThunderEgg/ThunderEgg/src/ThunderEgg/Schur/IfaceMatrixHelper.h...
Generating code for file /home/travis/build/ThunderEgg/ThunderEgg/src/ThunderEgg/Schur/IfaceType.h...
Generating code for file /home/travis/build/ThunderEgg/ThunderEgg/src/ThunderEgg/Schur/Interface.h...
Generating code for file /home/travis/build/ThunderEgg/ThunderEgg/src/ThunderEgg/Schur/InterfaceDomain.h...
Generating code for file /home/travis/build/ThunderEgg/ThunderEgg/src/ThunderEgg/Schur/NormalIfaceInfo.h...
Generating code for file /home/travis/build/ThunderEgg/ThunderEgg/src/ThunderEgg/Schur/PatchIfaceInfo.h...
Generating code for file /home/travis/build/ThunderEgg/ThunderEgg/src/ThunderEgg/Schur/PatchIfaceScatter.h...
Generating code for file /home/travis/build/ThunderEgg/ThunderEgg/src/ThunderEgg/Schur/PatchSolverWrapper.h...
Generating code for file /home/travis/build/ThunderEgg/ThunderEgg/src/ThunderEgg/Schur/ValVectorGenerator.h...
Generating code for file /home/travis/build/ThunderEgg/ThunderEgg/src/ThunderEgg/ValVectorGenerator.h...
Generating code for file /home/travis/build/ThunderEgg/ThunderEgg/src/ThunderEgg/Schur/VecWrapperGenerator.h...
Generating code for file /home/travis/build/ThunderEgg/ThunderEgg/src/ThunderEgg/Serializable.h...
Generating code for file /home/travis/build/ThunderEgg/ThunderEgg/src/ThunderEgg/Side.h...
Generating code /home/travis/build/ThunderEgg/ThunderEgg/src/ThunderEgg/Experimental/AmgxWrapper.h:50: warning: Member AmgxWrapper(std::string filename) (function) of class AmgxWrapper is not documented.
/home/travis/build/ThunderEgg/ThunderEgg/src/ThunderEgg/Experimental/AmgxWrapper.h:51: warning: Member setMatrix(Mat A) (function) of class AmgxWrapper is not documented.
/home/travis/build/ThunderEgg/ThunderEgg/src/ThunderEgg/Experimental/AmgxWrapper.h:53: warning: Member solve(Vec x, Vec b) (function) of class AmgxWrapper is not documented.
/home/travis/build/ThunderEgg/ThunderEgg/src/ThunderEgg/Experimental/ContigFftwSolver.h:63: warning: Member ContigFftwSolver(DomainCollection &dc) (function) of class ContigFftwSolver is not documented.
/home/travis/build/ThunderEgg/ThunderEgg/src/ThunderEgg/Experimental/ContigFftwSolver.h:64: warning: Member solve(Vec f, Vec u) (function) of class ContigFftwSolver is not documented.
/home/travis/build/ThunderEgg/ThunderEgg/src/ThunderEgg/Experimental/ContigFftwSolver.h:65: warning: Member trans(Vec f, Vec u) (function) of class ContigFftwSolver is not documented.
/home/travis/build/ThunderEgg/ThunderEgg/src/ThunderEgg/Experimental/ContigFftwSolver.h:61: warning: Member eigs_vec (variable) of class ContigFftwSolver is not documented.
/home/travis/build/ThunderEgg/ThunderEgg/src/ThunderEgg/Experimental/ContigFftwSolver.h:33: warning: Member setup(double *eigs) (function) of class FftwChunk is not documented.
/home/travis/build/ThunderEgg/ThunderEgg/src/ThunderEgg/Experimental/ContigFftwSolver.h:34: warning: Member apply(double *fhat) (function) of class FftwChunk is not documented.
/home/travis/build/ThunderEgg/ThunderEgg/src/ThunderEgg/Experimental/ContigFftwSolver.h:35: warning: Member applyInv(double *fhat) (function) of class FftwChunk is not documented.
/home/travis/build/ThunderEgg/ThunderEgg/src/ThunderEgg/Experimental/ContigFftwSolver.h:36: warning: Member scale(double *fhat) (function) of class FftwChunk is not documented.
/home/travis/build/ThunderEgg/ThunderEgg/src/ThunderEgg/Experimental/ContigFftwSolver.h:37: warning: Member get(double *fhat, double *tmp)=0 (function) of class FftwChunk is not documented.
/home/travis/build/ThunderEgg/ThunderEgg/src/ThunderEgg/Experimental/ContigFftwSolver.h:38: warning: Member put(double *fhat, double *tmp)=0 (function) of class FftwChunk is not documented.
/home/travis/build/ThunderEgg/ThunderEgg/src/ThunderEgg/Experimental/ContigFftwSolver.h:28: warning: Member plan (variable) of class FftwChunk is not documented.
/home/travis/build/ThunderEgg/ThunderEgg/src/ThunderEgg/Experimental/ContigFftwSolver.h:29: warning: Member plan_inv (variable) of class FftwChunk is not documented.
/home/travis/build/ThunderEgg/ThunderEgg/src/ThunderEgg/Experimental/ContigFftwSolver.h:30: warning: Member domains (variable) of class FftwChunk is not documented.
/home/travis/build/ThunderEgg/ThunderEgg/src/ThunderEgg/Experimental/ContigFftwSolver.h:31: warning: Member n (variable) of class FftwChunk is not documented.
/home/travis/build/ThunderEgg/ThunderEgg/src/ThunderEgg/Experimental/ContigFftwSolver.h:32: warning: Member size (variable) of class FftwChunk is not documented.
/home/travis/build/ThunderEgg/ThunderEgg/src/ThunderEgg/Experimental/ContigFftwSolver.h:41: warning: Member get(double *fhat, double *tmp) (function) of class FftwChunkX is not documented.
/home/travis/build/ThunderEgg/ThunderEgg/src/ThunderEgg/Experimental/ContigFftwSolver.h:42: warning: Member put(double *fhat, double *tmp) (function) of class FftwChunkX is not documented.
/home/travis/build/ThunderEgg/ThunderEgg/src/ThunderEgg/Experimental/ContigFftwSolver.h:33: warning: Member setup(double *eigs) (function) of class FftwChunk is not documented.
/home/travis/build/ThunderEgg/ThunderEgg/src/ThunderEgg/Experimental/ContigFftwSolver.h:34: warning: Member apply(double *fhat) (function) of class FftwChunk is not documented.
/home/travis/build/ThunderEgg/ThunderEgg/src/ThunderEgg/Experimental/ContigFftwSolver.h:35: warning: Member applyInv(double *fhat) (function) of class FftwChunk is not documented.
/home/travis/build/ThunderEgg/ThunderEgg/src/ThunderEgg/Experimental/ContigFftwSolver.h:36: warning: Member scale(double *fhat) (function) of class FftwChunk is not documented.
/home/travis/build/ThunderEgg/ThunderEgg/src/ThunderEgg/Experimental/ContigFftwSolver.h:28: warning: Member plan (variable) of class FftwChunk is not documented.
/home/travis/build/ThunderEgg/ThunderEgg/src/ThunderEgg/Experimental/ContigFftwSolver.h:29: warning: Member plan_inv (variable) of class FftwChunk is not documented.
/home/travis/build/ThunderEgg/ThunderEgg/src/ThunderEgg/Experimental/ContigFftwSolver.h:30: warning: Member domains (variable) of class FftwChunk is not documented.
/home/travis/build/ThunderEgg/ThunderEgg/src/ThunderEgg/Experimental/ContigFftwSolver.h:31: warning: Member n (variable) of class FftwChunk is not documented.
/home/travis/build/ThunderEgg/ThunderEgg/src/ThunderEgg/Experimental/ContigFftwSolver.h:32: warning: Member size (variable) of class FftwChunk is not documented.
/home/travis/build/ThunderEgg/ThunderEgg/src/ThunderEgg/Experimental/ContigFftwSolver.h:45: warning: Member get(double *fhat, double *tmp) (function) of class FftwChunkY is not documented.
/home/travis/build/ThunderEgg/ThunderEgg/src/ThunderEgg/Experimental/ContigFftwSolver.h:46: warning: Member put(double *fhat, double *tmp) (function) of class FftwChunkY is not documented.
/home/travis/build/ThunderEgg/ThunderEgg/src/ThunderEgg/Experimental/ContigFftwSolver.h:33: warning: Member setup(double *eigs) (function) of class FftwChunk is not documented.
/home/travis/build/ThunderEgg/ThunderEgg/src/ThunderEgg/Experimental/ContigFftwSolver.h:34: warning: Member apply(double *fhat) (function) of class FftwChunk is not documented.
/home/travis/build/ThunderEgg/ThunderEgg/src/ThunderEgg/Experimental/ContigFftwSolver.h:35: warning: Member applyInv(double *fhat) (function) of class FftwChunk is not documented.
/home/travis/build/ThunderEgg/ThunderEgg/src/ThunderEgg/Experimental/ContigFftwSolver.h:36: warning: Member scale(double *fhat) (function) of class FftwChunk is not documented.
/home/travis/build/ThunderEgg/ThunderEgg/src/ThunderEgg/Experimental/ContigFftwSolver.h:28: warning: Member plan (variable) of class FftwChunk is not documented.
/home/travis/build/ThunderEgg/ThunderEgg/src/ThunderEgg/Experimental/ContigFftwSolver.h:29: warning: Member plan_inv (variable) of class FftwChunk is not documented.
/home/travis/build/ThunderEgg/ThunderEgg/src/ThunderEgg/Experimental/ContigFftwSolver.h:30: warning: Member domains (variable) of class FftwChunk is not documented.
/home/travis/build/ThunderEgg/ThunderEgg/src/ThunderEgg/Experimental/ContigFftwSolver.h:31: warning: Member n (variable) of class FftwChunk is not documented.
/home/travis/build/ThunderEgg/ThunderEgg/src/ThunderEgg/Experimental/ContigFftwSolver.h:32: warning: Member size (variable) of class FftwChunk is not documented.
/home/travis/build/ThunderEgg/ThunderEgg/src/ThunderEgg/Experimental/ContigFftwSolver.h:49: warning: Member get(double *fhat, double *tmp) (function) of class FftwChunkZ is not documented.
/home/travis/build/ThunderEgg/ThunderEgg/src/ThunderEgg/Experimental/ContigFftwSolver.h:50: warning: Member put(double *fhat, double *tmp) (function) of class FftwChunkZ is not documented.
/home/travis/build/ThunderEgg/ThunderEgg/src/ThunderEgg/Experimental/ContigFftwSolver.h:33: warning: Member setup(double *eigs) (function) of class FftwChunk is not documented.
/home/travis/build/ThunderEgg/ThunderEgg/src/ThunderEgg/Experimental/ContigFftwSolver.h:34: warning: Member apply(double *fhat) (function) of class FftwChunk is not documented.
/home/travis/build/ThunderEgg/ThunderEgg/src/ThunderEgg/Experimental/ContigFftwSolver.h:35: warning: Member applyInv(double *fhat) (function) of class FftwChunk is not documented.
/home/travis/build/ThunderEgg/ThunderEgg/src/ThunderEgg/Experimental/ContigFftwSolver.h:36: warning: Member scale(double *fhat) (function) of class FftwChunk is not documented.
/home/travis/build/ThunderEgg/ThunderEgg/src/ThunderEgg/Experimental/ContigFftwSolver.h:28: warning: Member plan (variable) of class FftwChunk is not documented.
/home/travis/build/ThunderEgg/ThunderEgg/src/ThunderEgg/Experimental/ContigFftwSolver.h:29: warning: Member plan_inv (variable) of class FftwChunk is not documented.
/home/travis/build/ThunderEgg/ThunderEgg/src/ThunderEgg/Experimental/ContigFftwSolver.h:30: warning: Member domains (variable) of class FftwChunk is not documented.
/home/travis/build/ThunderEgg/ThunderEgg/src/ThunderEgg/Experimental/ContigFftwSolver.h:31: warning: Member n (variable) of class FftwChunk is not documented.
/home/travis/build/ThunderEgg/ThunderEgg/src/ThunderEgg/Experimental/ContigFftwSolver.h:32: warning: Member size (variable) of class FftwChunk is not documented.
/home/travis/build/ThunderEgg/ThunderEgg/src/ThunderEgg/Schur/IfaceMatrixHelper.h:33: warning: argument 'n' of command @param is not found in the argument list of IfaceMatrixHelper::IfaceMatrixHelper(DomainCollection dc)
/home/travis/build/ThunderEgg/ThunderEgg/src/ThunderEgg/Schur/IfaceMatrixHelper.h:33: warning: argument 'h_x' of command @param is not found in the argument list of IfaceMatrixHelper::IfaceMatrixHelper(DomainCollection dc)
/home/travis/build/ThunderEgg/ThunderEgg/src/ThunderEgg/Schur/IfaceMatrixHelper.h:33: warning: argument 'h_y' of command @param is not found in the argument list of IfaceMatrixHelper::IfaceMatrixHelper(DomainCollection dc)
/home/travis/build/ThunderEgg/ThunderEgg/src/ThunderEgg/Schur/IfaceMatrixHelper.h:33: warning: argument 'comm' of command @param is not found in the argument list of IfaceMatrixHelper::IfaceMatrixHelper(DomainCollection dc)
/home/travis/build/ThunderEgg/ThunderEgg/src/ThunderEgg/CoarseNbrInfo.h:112: warning: Member to_json(nlohmann::json &j, const CoarseNbrInfo< D > &n) (function) of namespace ThunderEgg is not documented.
/home/travis/build/ThunderEgg/ThunderEgg/src/ThunderEgg/CoarseNbrInfo.h:119: warning: Member from_json(const nlohmann::json &j, CoarseNbrInfo< D > &n) (function) of namespace ThunderEgg is not documented.
/home/travis/build/ThunderEgg/ThunderEgg/src/ThunderEgg/Domain.h:629: warning: Member to_json(nlohmann::json &j, const Domain< D > &domain) (function) of namespace ThunderEgg is not documented.
/home/travis/build/ThunderEgg/ThunderEgg/src/ThunderEgg/Domain.h:638: warning: Member to_json< 2 >(nlohmann::json &j, const Domain< 2 > &domain) (function) of namespace ThunderEgg is not documented.
/home/travis/build/ThunderEgg/ThunderEgg/src/ThunderEgg/Domain.h:639: warning: Member to_json< 3 >(nlohmann::json &j, const Domain< 3 > &domain) (function) of namespace ThunderEgg is not documented.
/home/travis/build/ThunderEgg/ThunderEgg/src/ThunderEgg/FineNbrInfo.h:118: warning: Member to_json(nlohmann::json &j, const FineNbrInfo< D > &n) (function) of namespace ThunderEgg is not documented.
/home/travis/build/ThunderEgg/ThunderEgg/src/ThunderEgg/FineNbrInfo.h:124: warning: Member from_json(const nlohmann::json &j, FineNbrInfo< D > &n) (function) of namespace ThunderEgg is not documented.
/home/travis/build/ThunderEgg/ThunderEgg/src/ThunderEgg/Loops.h:52: warning: Member loop(T lambda) (function) of namespace ThunderEgg is not documented.
/home/travis/build/ThunderEgg/ThunderEgg/src/ThunderEgg/Loops.h:85: warning: Member nested_loop(A start, A end, T lambda) (function) of namespace ThunderEgg is not documented.
/home/travis/build/ThunderEgg/ThunderEgg/src/ThunderEgg/NbrType.h:63: warning: Member NLOHMANN_JSON_SERIALIZE_ENUM(NbrType, {{NbrType::Normal, "NORMAL"}, {NbrType::Coarse, "COARSE"}, {NbrType::Fine, "FINE"}}) (function) of namespace ThunderEgg is not documented.
/home/travis/build/ThunderEgg/ThunderEgg/src/ThunderEgg/NormalNbrInfo.h:102: warning: Member to_json(nlohmann::json &j, const NormalNbrInfo< D > &n) (function) of namespace ThunderEgg is not documented.
/home/travis/build/ThunderEgg/ThunderEgg/src/ThunderEgg/NormalNbrInfo.h:108: warning: Member from_json(const nlohmann::json &j, NormalNbrInfo< D > &n) (function) of namespace ThunderEgg is not documented.
/home/travis/build/ThunderEgg/ThunderEgg/src/ThunderEgg/Orthant.h:503: warning: Member to_json(nlohmann::json &j, const Orthant< 1 > &o) (function) of namespace ThunderEgg is not documented.
/home/travis/build/ThunderEgg/ThunderEgg/src/ThunderEgg/Orthant.h:504: warning: Member to_json(nlohmann::json &j, const Orthant< 2 > &o) (function) of namespace ThunderEgg is not documented.
/home/travis/build/ThunderEgg/ThunderEgg/src/ThunderEgg/Orthant.h:505: warning: Member to_json(nlohmann::json &j, const Orthant< 3 > &o) (function) of namespace ThunderEgg is not documented.
/home/travis/build/ThunderEgg/ThunderEgg/src/ThunderEgg/Orthant.h:506: warning: Member from_json(const nlohmann::json &j, Orthant< 1 > &o) (function) of namespace ThunderEgg is not documented.
/home/travis/build/ThunderEgg/ThunderEgg/src/ThunderEgg/Orthant.h:507: warning: Member from_json(const nlohmann::json &j, Orthant< 2 > &o) (function) of namespace ThunderEgg is not documented.
/home/travis/build/ThunderEgg/ThunderEgg/src/ThunderEgg/Orthant.h:508: warning: Member from_json(const nlohmann::json &j, Orthant< 3 > &o) (function) of namespace ThunderEgg is not documented.
/home/travis/build/ThunderEgg/ThunderEgg/src/ThunderEgg/PatchInfo.h:474: warning: Member to_json(nlohmann::json &j, const PatchInfo< D > &pinfo) (function) of namespace ThunderEgg is not documented.
/home/travis/build/ThunderEgg/ThunderEgg/src/ThunderEgg/PatchInfo.h:511: warning: Member from_json(const nlohmann::json &j, PatchInfo< D > &pinfo) (function) of namespace ThunderEgg is not documented.
/home/travis/build/ThunderEgg/ThunderEgg/src/ThunderEgg/Side.h:421: warning: Member to_json(nlohmann::json &j, const Side< 1 > &s) (function) of namespace ThunderEgg is not documented.
/home/travis/build/ThunderEgg/ThunderEgg/src/ThunderEgg/Side.h:422: warning: Member to_json(nlohmann::json &j, const Side< 2 > &s) (function) of namespace ThunderEgg is not documented.
/home/travis/build/ThunderEgg/ThunderEgg/src/ThunderEgg/Side.h:423: warning: Member to_json(nlohmann::json &j, const Side< 3 > &s) (function) of namespace ThunderEgg is not documented.
/home/travis/build/ThunderEgg/ThunderEgg/src/ThunderEgg/Side.h:424: warning: Member from_json(const nlohmann::json &j, Side< 1 > &s) (function) of namespace ThunderEgg is not documented.
/home/travis/build/ThunderEgg/ThunderEgg/src/ThunderEgg/Side.h:425: warning: Member from_json(const nlohmann::json &j, Side< 2 > &s) (function) of namespace ThunderEgg is not documented.
/home/travis/build/ThunderEgg/ThunderEgg/src/ThunderEgg/Side.h:426: warning: Member from_json(const nlohmann::json &j, Side< 3 > &s) (function) of namespace ThunderEgg is not documented.
/home/travis/build/ThunderEgg/ThunderEgg/src/ThunderEgg/BiCGStab.h:49: warning: The following parameters of ThunderEgg::BiCGStab::solve(std::shared_ptr< VectorGenerator< D >> vg, std::shared_ptr< const Operator< D >> A, std::shared_ptr< Vector< D >> x, std::shared_ptr< const Vector< D >> b, std::shared_ptr< const Operator< D >> Mr=nullptr, int max_it=1000, double tolerance=1e-12, std::shared_ptr< ThunderEgg::Timer > timer=nullptr) are not documented:
  parameter 'max_it'
  parameter 'tolerance'
  parameter 'timer'
/home/travis/build/ThunderEgg/ThunderEgg/src/ThunderEgg/BiLinearGhostFiller.h:44: warning: Member fillGhostCellsForNbrPatch(std::shared_ptr< const PatchInfo< 2 >> pinfo, const std::vector< LocalData< 2 >> &local_datas, const std::vector< LocalData< 2 >> &nbr_datas, const Side< 2 > side, const NbrType nbr_type, const Orthant< 2 > orthant) const override (function) of class ThunderEgg::BiLinearGhostFiller is not documented.
/home/travis/build/ThunderEgg/ThunderEgg/src/ThunderEgg/BiLinearGhostFiller.h:48: warning: Member fillGhostCellsForLocalPatch(std::shared_ptr< const PatchInfo< 2 >> pinfo, const std::vector< LocalData< 2 >> &local_datas) const override (function) of class ThunderEgg::BiLinearGhostFiller is not documented.
/home/travis/build/ThunderEgg/ThunderEgg/src/ThunderEgg/BiQuadraticGhostFiller.h:45: warning: Member fillGhostCellsForNbrPatch(std::shared_ptr< const PatchInfo< 2 >> pinfo, const std::vector< LocalData< 2 >> &local_datas, const std::vector< LocalData< 2 >> &nbr_datas, const Side< 2 > side, const NbrType nbr_type, const Orthant< 2 > orthant) const override (function) of class ThunderEgg::BiQuadraticGhostFiller is not documented.
/home/travis/build/ThunderEgg/ThunderEgg/src/ThunderEgg/BiQuadraticGhostFiller.h:50: warning: Member fillGhostCellsForLocalPatch(std::shared_ptr< const PatchInfo< 2 >> pinfo, const std::vector< LocalData< 2 >> &local_datas) const override (function) of class ThunderEgg::BiQuadraticGhostFiller is not documented.
/home/travis/build/ThunderEgg/ThunderEgg/src/ThunderEgg/Domain.h:48: warning: Member patch_id_bc_map_vec (variable) of class ThunderEgg::Domain is not documented.
/home/travis/build/ThunderEgg/ThunderEgg/src/ThunderEgg/Domain.h:182: warning: The following parameters of ThunderEgg::Domain::Domain(std::map< int, std::shared_ptr< PatchInfo< D >>> pinfo_map, std::array< int, D > ns_in, int num_ghost_cells_in, bool local_id_set=false, bool global_id_set=false) are not documented:
  parameter 'ns_in'
  parameter 'num_ghost_cells_in'
/home/travis/build/ThunderEgg/ThunderEgg/src/ThunderEgg/LocalData.h:204: warning: Member operator()(Types... args) (function) of class ThunderEgg::LocalData is not documented.
/home/travis/build/ThunderEgg/ThunderEgg/src/ThunderEgg/LocalData.h:209: warning: Member operator()(Types... args) const (function) of class ThunderEgg::LocalData is not documented.
/home/travis/build/ThunderEgg/ThunderEgg/src/ThunderEgg/Loops.h:32: warning: Member loop_loop(T lambda) (function) of class ThunderEgg::Loop is not documented.
/home/travis/build/ThunderEgg/ThunderEgg/src/ThunderEgg/Loops.h:50: warning: Member loop_loop(T lambda) (function) of class ThunderEgg::Loop< 0, -1, T > is not documented.
/home/travis/build/ThunderEgg/ThunderEgg/src/ThunderEgg/Loops.h:42: warning: Member loop_loop(T lambda) (function) of class ThunderEgg::Loop< start, start, T > is not documented.
/home/travis/build/ThunderEgg/ThunderEgg/src/ThunderEgg/Loops.h:59: warning: Member nested_loop_loop(A coord, A start, A end, T lambda) (function) of class ThunderEgg::NestedLoop is not documented.
/home/travis/build/ThunderEgg/ThunderEgg/src/ThunderEgg/Loops.h:80: warning: Member nested_loop_loop(A coord, A, A, T lambda) (function) of class ThunderEgg::NestedLoop< 0, -1, T, A > is not documented.
/home/travis/build/ThunderEgg/ThunderEgg/src/ThunderEgg/Loops.h:70: warning: Member nested_loop_loop(A coord, A start, A end, T lambda) (function) of class ThunderEgg::NestedLoop< D, 0, T, A > is not documented.
/home/travis/build/ThunderEgg/ThunderEgg/src/ThunderEgg/Orthant.h:48: warning: Member num_orthants (variable) of class ThunderEgg::Orthant is not documented.
/home/travis/build/ThunderEgg/ThunderEgg/src/ThunderEgg/PatchInfo.h:371: warning: argument 'local_index' of command @param is not found in the argument list of ThunderEgg::PatchInfo< D >::setBCGlobalIndex(Side< D > s, int global_index)
/home/travis/build/ThunderEgg/ThunderEgg/src/ThunderEgg/PatchInfo.h:376: warning: The following parameters of ThunderEgg::PatchInfo::setBCGlobalIndex(Side< D > s, int global_index) are not documented:
  parameter 'global_index'
/home/travis/build/ThunderEgg/ThunderEgg/src/ThunderEgg/Timer.h:213: warning: Member to_json(nlohmann::json &j, const Timer &timer) (friend) of class ThunderEgg::Timer is not documented.
/home/travis/build/ThunderEgg/ThunderEgg/src/ThunderEgg/TriLinearGhostFiller.h:37: warning: Member fillGhostCellsForNbrPatch(std::shared_ptr< const PatchInfo< 3 >> pinfo, const std::vector< LocalData< 3 >> &local_datas, const std::vector< LocalData< 3 >> &nbr_datas, const Side< 3 > side, const NbrType nbr_type, const Orthant< 3 > orthant) const override (function) of class ThunderEgg::TriLinearGhostFiller is not documented.
/home/travis/build/ThunderEgg/ThunderEgg/src/ThunderEgg/TriLinearGhostFiller.h:42: warning: Member fillGhostCellsForLocalPatch(std::shared_ptr< const PatchInfo< 3 >> pinfo, const std::vector< LocalData< 3 >> &local_datas) const override (function) of class ThunderEgg::TriLinearGhostFiller is not documented.
/home/travis/build/ThunderEgg/ThunderEgg/src/ThunderEgg/Vector.h:87: warning: Member getNumComponents() const (function) of class ThunderEgg::Vector is not documented.
/home/travis/build/ThunderEgg/ThunderEgg/src/ThunderEgg/Vector.h:87: warning: Member getNumComponents() const (function) of class ThunderEgg::Vector is not documented.
/home/travis/build/ThunderEgg/ThunderEgg/src/ThunderEgg/DomainTools.h:186: warning: argument 'component_index' of command @param is not found in the argument list of ThunderEgg::DomainTools::SetValues(std::shared_ptr< Domain< D >> domain, std::shared_ptr< Vector< D >> vec, T func, Args... args)
/home/travis/build/ThunderEgg/ThunderEgg/src/ThunderEgg/DomainTools.h:268: warning: argument 'component_index' of command @param is not found in the argument list of ThunderEgg::DomainTools::SetValuesWithGhost(std::shared_ptr< Domain< D >> domain, std::shared_ptr< Vector< D >> vec, T func, Args... args)
/home/travis/build/ThunderEgg/ThunderEgg/src/ThunderEgg/Experimental/PBMatrix.h:114: warning: Member apply(Vec x, Vec b) (function) of class ThunderEgg::Experimental::BlockJacobiSmoother is not documented.
/home/travis/build/ThunderEgg/ThunderEgg/src/ThunderEgg/Experimental/PBMatrix.h:112: warning: Member D (variable) of class ThunderEgg::Experimental::BlockJacobiSmoother is not documented.
/home/travis/build/ThunderEgg/ThunderEgg/src/ThunderEgg/Experimental/PBMatrix.h:113: warning: Member R (variable) of class ThunderEgg::Experimental::BlockJacobiSmoother is not documented.
/home/travis/build/ThunderEgg/ThunderEgg/src/ThunderEgg/Experimental/OctNode.h:133: warning: Member nbrId(Side< D > s) const (function) of class ThunderEgg::Experimental::Node is not documented.
/home/travis/build/ThunderEgg/ThunderEgg/src/ThunderEgg/Experimental/PBMatrix.h:67: warning: Member PBMatrix(int n, int local_size, int global_size) (function) of class ThunderEgg::Experimental::PBMatrix is not documented.
/home/travis/build/ThunderEgg/ThunderEgg/src/ThunderEgg/Experimental/PBMatrix.h:68: warning: Member insertBlock(int i, int j, std::shared_ptr< std::valarray< double >> coeffs, std::function< int(int, int, int)> col_trans, std::function< int(int, int, int)> row_trans) (function) of class ThunderEgg::Experimental::PBMatrix is not documented.
/home/travis/build/ThunderEgg/ThunderEgg/src/ThunderEgg/Experimental/PBMatrix.h:71: warning: Member apply(Vec x, Vec b) (function) of class ThunderEgg::Experimental::PBMatrix is not documented.
/home/travis/build/ThunderEgg/ThunderEgg/src/ThunderEgg/Experimental/PBMatrix.h:72: warning: Member finalize() (function) of class ThunderEgg::Experimental::PBMatrix is not documented.
/home/travis/build/ThunderEgg/ThunderEgg/src/ThunderEgg/Experimental/PBMatrix.h:73: warning: Member getDiagInv() (function) of class ThunderEgg::Experimental::PBMatrix is not documented.
/home/travis/build/ThunderEgg/ThunderEgg/src/ThunderEgg/Experimental/PBMatrix.h:74: warning: Member getBlockJacobiSmoother() (function) of class ThunderEgg::Experimental::PBMatrix is not documented.
/home/travis/build/ThunderEgg/ThunderEgg/src/ThunderEgg/Experimental/PBMatrix.h:89: warning: Member getMatrix() (function) of class ThunderEgg::Experimental::PBMatrix is not documented.
/home/travis/build/ThunderEgg/ThunderEgg/src/ThunderEgg/Experimental/PBMatrix.h:104: warning: Member getPrec(PC P) (function) of class ThunderEgg::Experimental::PBMatrix is not documented.
/home/travis/build/ThunderEgg/ThunderEgg/src/ThunderEgg/Experimental/PBMatrix.h:75: warning: Member multiply(Mat A, Vec x, Vec b) (function) of class ThunderEgg::Experimental::PBMatrix is not documented.
/home/travis/build/ThunderEgg/ThunderEgg/src/ThunderEgg/Experimental/PBMatrix.h:82: warning: Member destroy(Mat A) (function) of class ThunderEgg::Experimental::PBMatrix is not documented.
/home/travis/build/ThunderEgg/ThunderEgg/src/ThunderEgg/Experimental/PBMatrix.h:97: warning: Member multiplyPC(PC A, Vec x, Vec b) (function) of class ThunderEgg::Experimental::PBMatrix is not documented.
/home/travis/build/ThunderEgg/ThunderEgg/src/ThunderEgg/Experimental/PBMatrix.h:41: warning: Member i (variable) of class ThunderEgg::Experimental::PBMatrix::PBlock is not documented.
/home/travis/build/ThunderEgg/ThunderEgg/src/ThunderEgg/Experimental/PBMatrix.h:42: warning: Member j (variable) of class ThunderEgg::Experimental::PBMatrix::PBlock is not documented.
/home/travis/build/ThunderEgg/ThunderEgg/src/ThunderEgg/Experimental/PBMatrix.h:43: warning: Member coeffs (variable) of class ThunderEgg::Experimental::PBMatrix::PBlock is not documented.
/home/travis/build/ThunderEgg/ThunderEgg/src/ThunderEgg/Experimental/PBMatrix.h:44: warning: Member col_trans (variable) of class ThunderEgg::Experimental::PBMatrix::PBlock is not documented.
/home/travis/build/ThunderEgg/ThunderEgg/src/ThunderEgg/Experimental/PBMatrix.h:45: warning: Member row_trans (variable) of class ThunderEgg::Experimental::PBMatrix::PBlock is not documented.
/home/travis/build/ThunderEgg/ThunderEgg/src/ThunderEgg/Experimental/PBMatrix.h:46: warning: Member operator<(const PBlock &l, const PBlock &r) (friend) of class ThunderEgg::Experimental::PBMatrix::PBlock is not documented.
/home/travis/build/ThunderEgg/ThunderEgg/src/ThunderEgg/Experimental/PolyChebPrec.h:56: warning: Member apply(std::shared_ptr< const Vector< 2 >> x, std::shared_ptr< Vector< 2 >> b) const (function) of class ThunderEgg::Experimental::PolyChebPrec is not documented.
for file /home/travis/build/ThunderEgg/ThunderEgg/src/ThunderEgg/Timer.h...
Generating code for file /home/travis/build/ThunderEgg/ThunderEgg/src/ThunderEgg/TriLinearGhostFiller.h...
Generating code for file /home/travis/build/ThunderEgg/ThunderEgg/src/ThunderEgg/TypeDefs.h...
Generating code for file /home/travis/build/ThunderEgg/ThunderEgg/src/ThunderEgg/ValVector.h...
Generating code for file /home/travis/build/ThunderEgg/ThunderEgg/src/ThunderEgg/Vector.h...
Generating code for file /home/travis/build/ThunderEgg/ThunderEgg/src/ThunderEgg/VectorGenerator.h...
Generating file documentation...
Generating docs for file /home/travis/build/ThunderEgg/ThunderEgg/src/ThunderEgg/TypeDefs.h...
Generating page documentation...
Generating group documentation...
Generating class documentation...
Generating docs for compound AmgxWrapper...
Generating docs for compound ContigFftwSolver...
Generating docs for compound FftwChunk...
Generating docs for compound FftwChunkX...
Generating docs for compound FftwChunkY...
Generating docs for compound FftwChunkZ...
Generating docs for compound IfaceMatrixHelper...
Generating namespace index...
Generating docs for namespace ThunderEgg
Generating docs for compound ThunderEgg::BiCGStab...
Generating docs for compound ThunderEgg::BiCGStabPatchSolver...
Generating docs for compound ThunderEgg::BiLinearGhostFiller...
Generating docs for compound ThunderEgg::BiQuadraticGhostFiller...
Generating docs for compound ThunderEgg::BufferReader...
Generating docs for compound ThunderEgg::BufferWriter...
Generating docs for compound ThunderEgg::CoarseNbrInfo...
Generating docs for compound ThunderEgg::Domain...
Generating docs for compound ThunderEgg::DomainGenerator...
Generating docs for compound ThunderEgg::FineNbrInfo...
Generating docs for compound ThunderEgg::GhostFiller...
Generating docs for compound ThunderEgg::LocalData...
Generating docs for compound ThunderEgg::LocalDataManager...
Generating docs for compound ThunderEgg::Loop...
Generating docs for compound ThunderEgg::Loop< 0, -1, T >...
Generating docs for compound ThunderEgg::Loop< start, start, T >...
Generating docs for compound ThunderEgg::MPIGhostFiller...
Generating docs for compound ThunderEgg::NbrInfo...
Generating docs for compound ThunderEgg::NestedLoop...
Generating docs for compound ThunderEgg::NestedLoop< 0, -1, T, A >...
Generating docs for compound ThunderEgg::NestedLoop< D, 0, T, A >...
Generating docs for compound ThunderEgg::NormalNbrInfo...
Generating docs for compound ThunderEgg::Operator...
Generating docs for compound ThunderEgg::Orthant...
Generating docs for nested compound ThunderEgg::Orthant::Range...
Generating docs for nested compound ThunderEgg::Orthant::Range::Iterator...
Generating docs for compound ThunderEgg::P4estDomGen...
Generating docs for compound ThunderEgg::PatchInfo...
Generating docs for compound ThunderEgg::PatchOperator...
Generating docs for compound ThunderEgg::PatchSolver...
Generating docs for compound ThunderEgg::RuntimeError...
Generating docs for compound ThunderEgg::Serializable...
Generating docs for compound ThunderEgg::Side...
Generating docs for nested compound ThunderEgg::Side::Range...
Generating docs for nested compound ThunderEgg::Side::Range::Iterator...
Generating docs for compound ThunderEgg::Timer...
Generating docs for compound ThunderEgg::TriLinearGhostFiller...
Generating docs for compound ThunderEgg::ValVector...
Generating docs for compound ThunderEgg::ValVectorGenerator...
Generating docs for compound ThunderEgg::Vector...
Generating docs for compound ThunderEgg::VectorGenerator...
Generating docs for namespace ThunderEgg::DomainTools
Generating docs for compound ThunderEgg::Experimental::BlockJacobiSmoother...
Generating docs for compound ThunderEgg::Experimental::DomGen...
Generating docs for compound ThunderEgg::Experimental::Node...
Generating docs for compound ThunderEgg::Experimental::PBMatrix...
Generating docs for nested compound ThunderEgg::Experimental::PBMatrix::PBlock...
Generating docs for compound ThunderEgg::Experimental::PolyChebPrec...
Generating docs for c/home/travis/build/ThunderEgg/ThunderEgg/src/ThunderEgg/Experimental/OctTree.h:81: warning: Member zoltanBalanceDomains() (function) of class ThunderEgg::Experimental::Tree is not documented.
/home/travis/build/ThunderEgg/ThunderEgg/src/ThunderEgg/GMG/Cycle.h:47: warning: Member VecList (typedef) of class ThunderEgg::GMG::Cycle is not documented.
/home/travis/build/ThunderEgg/ThunderEgg/src/ThunderEgg/GMG/Cycle.h:48: warning: Member ConstVecList (typedef) of class ThunderEgg::GMG::Cycle is not documented.
/home/travis/build/ThunderEgg/ThunderEgg/src/ThunderEgg/GMG/Cycle.h:54: warning: The following parameters of ThunderEgg::GMG::Cycle::prepCoarser(const Level< D > &level, VecList &u_vectors, ConstVecList &f_vectors) const are not documented:
  parameter 'u_vectors'
  parameter 'f_vectors'
/home/travis/build/ThunderEgg/ThunderEgg/src/ThunderEgg/GMG/Cycle.h:72: warning: The following parameters of ThunderEgg::GMG::Cycle::prepFiner(const Level< D > &level, VecList &u_vectors, ConstVecList &f_vectors) const are not documented:
  parameter 'u_vectors'
  parameter 'f_vectors'
/home/travis/build/ThunderEgg/ThunderEgg/src/ThunderEgg/GMG/Cycle.h:85: warning: The following parameters of ThunderEgg::GMG::Cycle::smooth(const Level< D > &level, VecList &u_vectors, ConstVecList &f_vectors) const are not documented:
  parameter 'u_vectors'
  parameter 'f_vectors'
/home/travis/build/ThunderEgg/ThunderEgg/src/ThunderEgg/GMG/Cycle.h:95: warning: The following parameters of ThunderEgg::GMG::Cycle::visit(const Level< D > &level, VecList &u_vectors, ConstVecList &f_vectors) const=0 are not documented:
  parameter 'u_vectors'
  parameter 'f_vectors'
/home/travis/build/ThunderEgg/ThunderEgg/src/ThunderEgg/GMG/InterLevelComm.h:108: warning: argument 'coarse_domain' of command @param is not found in the argument list of ThunderEgg::GMG::InterLevelComm< D >::InterLevelComm(std::shared_ptr< const Domain< D >> coarser_domain, int num_coarser_components, std::shared_ptr< const Domain< D >> finer_domain)
/home/travis/build/ThunderEgg/ThunderEgg/src/ThunderEgg/GMG/InterLevelComm.h:108: warning: argument 'fine_domain' of command @param is not found in the argument list of ThunderEgg::GMG::InterLevelComm< D >::InterLevelComm(std::shared_ptr< const Domain< D >> coarser_domain, int num_coarser_components, std::shared_ptr< const Domain< D >> finer_domain)
/home/travis/build/ThunderEgg/ThunderEgg/src/ThunderEgg/GMG/InterLevelComm.h:114: warning: The following parameters of ThunderEgg::GMG::InterLevelComm::InterLevelComm(std::shared_ptr< const Domain< D >> coarser_domain, int num_coarser_components, std::shared_ptr< const Domain< D >> finer_domain) are not documented:
  parameter 'coarser_domain'
  parameter 'finer_domain'
/home/travis/build/ThunderEgg/ThunderEgg/src/ThunderEgg/GMG/Level.h:76: warning: argument 'dc' of command @param is not found in the argument list of ThunderEgg::GMG::Level< D >::Level(std::shared_ptr< const Domain< D >> domain, std::shared_ptr< VectorGenerator< D >> vg)
/home/travis/build/ThunderEgg/ThunderEgg/src/ThunderEgg/GMG/Level.h:80: warning: The following parameters of ThunderEgg::GMG::Level::Level(std::shared_ptr< const Domain< D >> domain, std::shared_ptr< VectorGenerator< D >> vg) are not documented:
  parameter 'domain'
  parameter 'vg'
/home/travis/build/ThunderEgg/ThunderEgg/src/ThunderEgg/GMG/MPIRestrictor.h:47: warning: argument 'ilc' of command @param is not found in the argument list of ThunderEgg::GMG::MPIRestrictor< D >::MPIRestrictor(std::shared_ptr< InterLevelComm< D >> ilc_in)
/home/travis/build/ThunderEgg/ThunderEgg/src/ThunderEgg/GMG/MPIRestrictor.h:51: warning: The following parameters of ThunderEgg::GMG::MPIRestrictor::MPIRestrictor(std::shared_ptr< InterLevelComm< D >> ilc_in) are not documented:
  parameter 'ilc_in'
/home/travis/build/ThunderEgg/ThunderEgg/src/ThunderEgg/GMG/Cycle.h:47: warning: Member VecList (typedef) of class ThunderEgg::GMG::Cycle is not documented.
/home/travis/build/ThunderEgg/ThunderEgg/src/ThunderEgg/GMG/Cycle.h:48: warning: Member ConstVecList (typedef) of class ThunderEgg::GMG::Cycle is not documented.
/home/travis/build/ThunderEgg/ThunderEgg/src/ThunderEgg/GMG/VCycle.h:74: warning: The following parameters of ThunderEgg::GMG::VCycle::VCycle(std::shared_ptr< Level< D >> finest_level, const CycleOpts &opts) are not documented:
  parameter 'opts'
/home/travis/build/ThunderEgg/ThunderEgg/src/ThunderEgg/GMG/VCycle.h:46: warning: The following parameters of ThunderEgg::GMG::VCycle::visit(const Level< D > &level, std::list< std::shared_ptr< Vector< D >>> &u_vectors, std::list< std::shared_ptr< const Vector< D >>> &f_vectors) const are not documented:
  parameter 'u_vectors'
  parameter 'f_vectors'
/home/travis/build/ThunderEgg/ThunderEgg/src/ThunderEgg/GMG/Cycle.h:47: warning: Member VecList (typedef) of class ThunderEgg::GMG::Cycle is not documented.
/home/travis/build/ThunderEgg/ThunderEgg/src/ThunderEgg/GMG/Cycle.h:48: warning: Member ConstVecList (typedef) of class ThunderEgg::GMG::Cycle is not documented.
/home/travis/build/ThunderEgg/ThunderEgg/src/ThunderEgg/GMG/WCycle.h:80: warning: The following parameters of ThunderEgg::GMG::WCycle::WCycle(std::shared_ptr< Level< D >> finest_level, const CycleOpts &opts) are not documented:
  parameter 'opts'
/home/travis/build/ThunderEgg/ThunderEgg/src/ThunderEgg/GMG/WCycle.h:47: warning: The following parameters of ThunderEgg::GMG::WCycle::visit(const Level< D > &level, std::list< std::shared_ptr< Vector< D >>> &u_vectors, std::list< std::shared_ptr< const Vector< D >>> &f_vectors) const are not documented:
  parameter 'u_vectors'
  parameter 'f_vectors'
/home/travis/build/ThunderEgg/ThunderEgg/src/ThunderEgg/PETSc/VecWrapper.h:201: warning: Member getNumGhostCells() const (function) of class ThunderEgg::PETSc::VecWrapper is not documented.
/home/travis/build/ThunderEgg/ThunderEgg/src/ThunderEgg/Vector.h:87: warning: Member getNumComponents() const (function) of class ThunderEgg::Vector is not documented.
/home/travis/build/ThunderEgg/ThunderEgg/src/ThunderEgg/PETSc/VecWrapper.h:152: warning: The following parameters of ThunderEgg::PETSc::VecWrapper::GetNewVector(std::shared_ptr< const Domain< D >> domain, int num_components) are not documented:
  parameter 'num_components'
/home/travis/build/ThunderEgg/ThunderEgg/src/ThunderEgg/Poisson/StencilHelper2d.h:223: warning: Member CoarseSH2d(PatchInfo< 2 > &d, Side< 2 > s) (function) of class ThunderEgg::Poisson::CoarseSH2d is not documented.
/home/travis/build/ThunderEgg/ThunderEgg/src/ThunderEgg/Poisson/StencilHelper2d.h:269: warning: Member row(int i) (function) of class ThunderEgg::Poisson::CoarseSH2d is not documented.
/home/travis/build/ThunderEgg/ThunderEgg/src/ThunderEgg/Poisson/StencilHelper2d.h:273: warning: Member size(int i) (function) of class ThunderEgg::Poisson::CoarseSH2d is not documented.
/home/travis/build/ThunderEgg/ThunderEgg/src/ThunderEgg/Poisson/StencilHelper2d.h:281: warning: Member coeffs(int i) (function) of class ThunderEgg::Poisson::CoarseSH2d is not documented.
/home/travis/build/ThunderEgg/ThunderEgg/src/ThunderEgg/Poisson/StencilHelper2d.h:289: warning: Member cols(int i) (function) of class ThunderEgg::Poisson::CoarseSH2d is not documented.
/home/travis/build/ThunderEgg/ThunderEgg/src/ThunderEgg/Poisson/StencilHelper2d.h:33: warning: Member n (variable) of class ThunderEgg::Poisson::StencilHelper2d is not documented.
/home/travis/build/ThunderEgg/ThunderEgg/src/ThunderEgg/Poisson/StencilHelper2d.h:49: warning: Member DirichletSH2d(PatchInfo< 2 > &d, Side< 2 > s) (function) of class ThunderEgg::Poisson::DirichletSH2d is not documented.
/home/travis/build/ThunderEgg/ThunderEgg/src/ThunderEgg/Poisson/StencilHelper2d.h:76: warning: Member row(int i) (function) of class ThunderEgg::Poisson::DirichletSH2d is not documented.
/home/travis/build/ThunderEgg/ThunderEgg/src/ThunderEgg/Poisson/StencilHelper2d.h:80: warning: Member size(int i) (function) of class ThunderEgg::Poisson::DirichletSH2d is not documented.
/home/travis/build/ThunderEgg/ThunderEgg/src/ThunderEgg/Poisson/StencilHelper2d.h:84: warning: Member coeffs(int i) (function) of class ThunderEgg::Poisson::DirichletSH2d is not documented.
/home/travis/build/ThunderEgg/ThunderEgg/src/ThunderEgg/Poisson/StencilHelper2d.h:88: warning: Member cols(int i) (function) of class ThunderEgg::Poisson::DirichletSH2d is not documented.
/home/travis/build/ThunderEgg/ThunderEgg/src/ThunderEgg/Poisson/StencilHelper2d.h:33: warning: Member n (variable) of class ThunderEgg::Poisson::StencilHelper2d is not documented.
/home/travis/build/ThunderEgg/ThunderEgg/src/ThunderEgg/Poisson/StencilHelper2d.h:340: warning: Member FineSH2d(PatchInfo< 2 > &d, Side< 2 > s) (function) of class ThunderEgg::Poisson::FineSH2d is not documented.
/home/travis/build/ThunderEgg/ThunderEgg/src/ThunderEgg/Poisson/StencilHelper2d.h:379: warning: Member row(int i) (function) of class ThunderEgg::Poisson::FineSH2d is not documented.
/home/travis/build/ThunderEgg/ThunderEgg/src/ThunderEgg/Poisson/StencilHelper2d.h:383: warning: Member size(int i) (function) of class ThunderEgg::Poisson::FineSH2d is not documented.
/home/travis/build/ThunderEgg/ThunderEgg/src/ThunderEgg/Poisson/StencilHelper2d.h:387: warning: Member coeffs(int i) (function) of class ThunderEgg::Poisson::FineSH2d is not documented.
/home/travis/build/ThunderEgg/ThunderEgg/src/ThunderEgg/Poisson/StencilHelper2d.h:409: warning: Member cols(int i) (function) of class ThunderEgg::Poisson::FineSH2d is not documented.
/home/travis/build/ThunderEgg/ThunderEgg/src/ThunderEgg/Poisson/StencilHelper2d.h:33: warning: Member n (variable) of class ThunderEgg::Poisson::StencilHelper2d is not documented.
/home/travis/build/ThunderEgg/ThunderEgg/src/ThunderEgg/Poisson/StencilHelper2d.h:103: warning: Member NeumannSH2d(PatchInfo< 2 > &d, Side< 2 > s) (function) of class ThunderEgg::Poisson::NeumannSH2d is not documented.
/home/travis/build/ThunderEgg/ThunderEgg/src/ThunderEgg/Poisson/StencilHelper2d.h:130: warning: Member row(int i) (function) of class ThunderEgg::Poisson::NeumannSH2d is not documented.
/home/travis/build/ThunderEgg/ThunderEgg/src/ThunderEgg/Poisson/StencilHelper2d.h:134: warning: Member size(int i) (function) of class ThunderEgg::Poisson::NeumannSH2d is not documented.
/home/travis/build/ThunderEgg/ThunderEgg/src/ThunderEgg/Poisson/StencilHelper2d.h:138: warning: Member coeffs(int i) (function) of class ThunderEgg::Poisson::NeumannSH2d is not documented.
/home/travis/build/ThunderEgg/ThunderEgg/src/ThunderEgg/Poisson/StencilHelper2d.h:142: warning: Member cols(int i) (function) of class ThunderEgg::Poisson::NeumannSH2d is not documented.
/home/travis/build/ThunderEgg/ThunderEgg/src/ThunderEgg/Poisson/StencilHelper2d.h:33: warning: Member n (variable) of class ThunderEgg::Poisson::StencilHelper2d is not documented.
/home/travis/build/ThunderEgg/ThunderEgg/src/ThunderEgg/Poisson/StencilHelper2d.h:158: warning: Member NormalSH2d(PatchInfo< 2 > &d, Side< 2 > s) (function) of class ThunderEgg::Poisson::NormalSH2d is not documented.
/home/travis/build/ThunderEgg/ThunderEgg/src/ThunderEgg/Poisson/StencilHelper2d.h:190: warning: Member row(int i) (function) of class ThunderEgg::Poisson::NormalSH2d is not documented.
/home/travis/build/ThunderEgg/ThunderEgg/src/ThunderEgg/Poisson/StencilHelper2d.h:194: warning: Member size(int i) (function) of class ThunderEgg::Poisson::NormalSH2d is not documented.
/home/travis/build/ThunderEgg/ThunderEgg/src/ThunderEgg/Poisson/StencilHelper2d.h:198: warning: Member coeffs(int i) (function) of class ThunderEgg::Poisson::NormalSH2d is not documented.
/home/travis/build/ThunderEgg/ThunderEgg/src/ThunderEgg/Poisson/StencilHelper2d.h:202: warning: Member cols(int i) (function) of class ThunderEgg::Poisson::NormalSH2d is not documented.
/home/travis/build/ThunderEgg/ThunderEgg/src/ThunderEgg/Poisson/StencilHelper2d.h:33: warning: Member n (variable) of class ThunderEgg::Poisson::StencilHelper2d is not documented.
/home/travis/build/ThunderEgg/ThunderEgg/src/ThunderEgg/Poisson/StencilHelper2d.h:35: warning: Member row(int i)=0 (function) of class ThunderEgg::Poisson::StencilHelper2d is not documented.
/home/travis/build/ThunderEgg/ThunderEgg/src/ThunderEgg/Poisson/StencilHelper2d.h:36: warning: Member size(int i)=0 (function) of class ThunderEgg::Poisson::StencilHelper2d is not documented.
/home/travis/build/ThunderEgg/ThunderEgg/src/ThunderEgg/Poisson/StencilHelper2d.h:37: warning: Member coeffs(int i)=0 (function) of class ThunderEgg::Poisson::StencilHelper2d is not documented.
/home/travis/build/ThunderEgg/ThunderEgg/src/ThunderEgg/Poisson/StencilHelper2d.h:38: warning: Member cols(int i)=0 (function) of class ThunderEgg::Poisson::StencilHelper2d is not documented.
/home/travis/build/ThunderEgg/ThunderEgg/src/ThunderEgg/Poisson/StencilHelper2d.h:33: warning: Member n (variable) of class ThunderEgg::Poisson::StencilHelper2d is not documented.
/home/travis/build/ThunderEgg/ThunderEgg/src/ThunderEgg/Schur/IfaceType.h:96: warning: argument 'orthant' of command @param is not found in the argument list of ThunderEgg::Schur::IfaceType< D >::FineToCoarse(Orthant< D - 1 > orth_on_coarse)
/home/travis/build/ThunderEgg/ThunderEgg/src/ThunderEgg/Schur/IfaceType.h:103: warning: The following parameters of ThunderEgg::Schur::IfaceType::FineToCoarse(Orthant< D - 1 > orth_on_coarse) are not documented:
  parameter 'orth_on_coarse'
/home/travis/build/ThunderEgg/ThunderEgg/src/ThunderEgg/Schur/IfaceType.h:117: warning: argument 'orthant' of command @param is not found in the argument list of ThunderEgg::Schur::IfaceType< D >::FineToFine(Orthant< D - 1 > orth_on_coarse)
/home/travis/build/ThunderEgg/ThunderEgg/src/ThunderEgg/Schur/IfaceType.h:126: warning: The following parameters of ThunderEgg::Schur::IfaceType::FineToFine(Orthant< D - 1 > orth_on_coarse) are not documented:
  parameter 'orth_on_coarse'
/home/travis/build/ThunderEgg/ThunderEgg/src/ThunderEgg/VarPoisson/StarPatchOperator.h:48: warning: Member addValue(int axis) const (function) of class ThunderEgg::VarPoisson::StarPatchOperator is not documented.
/home/travis/build/ThunderEgg/ThunderEgg/src/ThunderEgg/VarPoisson/StarPatchOperator.h:46: warning: Member coeffs (variable) of class ThunderEgg::VarPoisson::StarPatchOperator is not documented.
ompound ThunderEgg::Experimental::Tree...
Generating docs for compound ThunderEgg::GMG::Cycle...
Generating docs for compound ThunderEgg::GMG::CycleBuilder...
Generating docs for compound ThunderEgg::GMG::CycleOpts...
Generating docs for compound ThunderEgg::GMG::DirectInterpolator...
Generating docs for compound ThunderEgg::GMG::InterLevelComm...
Generating docs for compound ThunderEgg::GMG::Interpolator...
Generating docs for compound ThunderEgg::GMG::Level...
Generating docs for compound ThunderEgg::GMG::LinearRestrictor...
Generating docs for compound ThunderEgg::GMG::MPIInterpolator...
Generating docs for compound ThunderEgg::GMG::MPIRestrictor...
Generating docs for compound ThunderEgg::GMG::Restrictor...
Generating docs for compound ThunderEgg::GMG::Smoother...
Generating docs for compound ThunderEgg::GMG::TriLinIntp...
Generating docs for compound ThunderEgg::GMG::VCycle...
Generating docs for compound ThunderEgg::GMG::WCycle...
Generating docs for namespace ThunderEgg::PETSc
Generating docs for compound ThunderEgg::PETSc::MatShellCreator...
Generating docs for compound ThunderEgg::PETSc::MatWrapper...
Generating docs for compound ThunderEgg::PETSc::PCShellCreator...
Generating docs for compound ThunderEgg::PETSc::VecLocalDataManager...
Generating docs for compound ThunderEgg::PETSc::VecWrapper...
Generating docs for compound ThunderEgg::Poisson::CoarseSH...
Generating docs for compound ThunderEgg::Poisson::CoarseSH2d...
Generating docs for compound ThunderEgg::Poisson::DFTPatchSolver...
Generating docs for compound ThunderEgg::Poisson::DirichletSH...
Generating docs for compound ThunderEgg::Poisson::DirichletSH2d...
Generating docs for compound ThunderEgg::Poisson::FFTWPatchSolver...
Generating docs for compound ThunderEgg::Poisson::FineSH...
Generating docs for compound ThunderEgg::Poisson::FineSH2d...
Generating docs for compound ThunderEgg::Poisson::MatrixHelper...
Generating docs for compound ThunderEgg::Poisson::MatrixHelper2d...
Generating docs for compound ThunderEgg::Poisson::NeumannSH...
Generating docs for compound ThunderEgg::Poisson::NeumannSH2d...
Generating docs for compound ThunderEgg::Poisson::NormalSH...
Generating docs for compound ThunderEgg::Poisson::NormalSH2d...
Generating docs for compound ThunderEgg::Poisson::StarPatchOperator...
Generating docs for compound ThunderEgg::Poisson::StencilHelper...
Generating docs for compound ThunderEgg::Poisson::StencilHelper2d...
Generating docs for namespace ThunderEgg::Schur
Generating docs for compound ThunderEgg::Schur::CoarseIfaceInfo...
Generating docs for compound ThunderEgg::Schur::FineIfaceInfo...
Generating docs for compound ThunderEgg::Schur::IfaceInfo...
Generating docs for compound ThunderEgg::Schur::IfaceType...
Generating docs for compound ThunderEgg::Schur::Interface...
Generating docs for nested compound ThunderEgg::Schur::Interface::SideTypePiinfo...
Generating docs for compound ThunderEgg::Schur::InterfaceDomain...
Generating docs for compound ThunderEgg::Schur::NormalIfaceInfo...
Generating docs for compound ThunderEgg::Schur::PatchIfaceInfo...
Generating docs for compound ThunderEgg::Schur::PatchIfaceScatter...
Generating docs for compound ThunderEgg::Schur::PatchSolverWrapper...
Generating docs for compound ThunderEgg::Schur::ValVectorGenerator...
Generating docs for compound ThunderEgg::Schur::VecWrapperGenerator...
Generating docs for compound ThunderEgg::VarPoisson::StarPatchOperator...
Generating graph info page...
Generating directory documentation...
Generating index page...
Generating page index...
Generating module index...
Generating namespace index...
Generating namespace member index...
Generating annotated compound index...
Generating alphabetical compound index...
Generating hierarchical class index...
Generating graphical class hierarchy...
Generating member index...
Generating file index...
Generating file member index...
Generating example index...
finalizing index lists...
writing tag file...
Running dot...
Generating dot graphs using 3 parallel threads...
Running dot for graph 1/185
Running dot for graph 2/185
Running dot for graph 3/185
Running dot for graph 4/185
Running dot for graph 5/185
Running dot for graph 6/185
Running dot for graph 7/185
Running dot for graph 8/185
Running dot for graph 9/185
Running dot for graph 10/185
Running dot for graph 11/185
Running dot for graph 12/185
Running dot for graph 13/185
Running dot for graph 14/185
Running dot for graph 15/185
Running dot for graph 16/185
Running dot for graph 17/185
Running dot for graph 18/185
Running dot for graph 19/185
Running dot for graph 20/185
Running dot for graph 21/185
Running dot for graph 22/185
Running dot for graph 23/185
Running dot for graph 24/185
Running dot for graph 25/185
Running dot for graph 26/185
Running dot for graph 27/185
Running dot for graph 28/185
Running dot for graph 29/185
Running dot for graph 30/185
Running dot for graph 31/185
Running dot for graph 32/185
Running dot for graph 33/185
Running dot for graph 34/185
Running dot for graph 35/185
Running dot for graph 36/185
Running dot for graph 37/185
Running dot for graph 38/185
Running dot for graph 39/185
Running dot for graph 40/185
Running dot for graph 41/185
Running dot for graph 42/185
Running dot for graph 43/185
Running dot for graph 44/185
Running dot for graph 45/185
Running dot for graph 46/185
Running dot for graph 47/185
Running dot for graph 48/185
Running dot for graph 49/185
Running dot for graph 50/185
Running dot for graph 51/185
Running dot for graph 52/185
Running dot for graph 53/185
Running dot for graph 54/185
Running dot for graph 55/185
Running dot for graph 56/185
Running dot for graph 57/185
Running dot for graph 58/185
Running dot for graph 59/185
Running dot for graph 60/185
Running dot for graph 61/185
Running dot for graph 62/185
Running dot for graph 63/185
Running dot for graph 64/185
Running dot for graph 65/185
Running dot for graph 66/185
Running dot for graph 67/185
Running dot for graph 68/185
Running dot for graph 69/185
Running dot for graph 70/185
Running dot for graph 71/185
Running dot for graph 72/185
Running dot for graph 73/185
Running dot for graph 74/185
Running dot for graph 75/185
Running dot for graph 76/185
Running dot for graph 77/185
Running dot for graph 78/185
Running dot for graph 79/185
Running dot for graph 80/185
Running dot for graph 81/185
Running dot for graph 82/185
Running dot for graph 83/185
Running dot for graph 84/185
Running dot for graph 85/185
Running dot for graph 86/185
Running dot for graph 87/185
Running dot for graph 88/185
Running dot for graph 89/185
Running dot for graph 90/185
Running dot for graph 91/185
Running dot for graph 92/185
Running dot for graph 93/185
Running dot for graph 94/185
Running dot for graph 95/185
Running dot for graph 96/185
Running dot for graph 97/185
Running dot for graph 98/185
Running dot for graph 99/185
Running dot for graph 100/185
Running dot for graph 101/185
Running dot for graph 102/185
Running dot for graph 103/185
Running dot for graph 104/185
Running dot for graph 105/185
Running dot for graph 106/185
Running dot for graph 107/185
Running dot for graph 108/185
Running dot for graph 109/185
Running dot for graph 110/185
Running dot for graph 111/185
Running dot for graph 112/185
Running dot for graph 113/185
Running dot for graph 114/185
Running dot for graph 115/185
Running dot for graph 116/185
Running dot for graph 117/185
Running dot for graph 118/185
Running dot for graph 119/185
Running dot for graph 120/185
Running dot for graph 121/185
Running dot for graph 122/185
Running dot for graph 123/185
Running dot for graph 124/185
Running dot for graph 125/185
Running dot for graph 126/185
Running dot for graph 127/185
Running dot for graph 128/185
Running dot for graph 129/185
Running dot for graph 130/185
Running dot for graph 131/185
Running dot for graph 132/185
Running dot for graph 133/185
Running dot for graph 134/185
Running dot for graph 135/185
Running dot for graph 136/185
Running dot for graph 137/185
Running dot for graph 138/185
Running dot for graph 139/185
Running dot for graph 140/185
Running dot for graph 141/185
Running dot for graph 142/185
Running dot for graph 143/185
Running dot for graph 144/185
Running dot for graph 145/185
Running dot for graph 146/185
Running dot for graph 147/185
Running dot for graph 148/185
Running dot for graph 149/185
Running dot for graph 150/185
Running dot for graph 151/185
Running dot for graph 152/185
Running dot for graph 153/185
Running dot for graph 154/185
Running dot for graph 155/185
Running dot for graph 156/185
Running dot for graph 157/185
Running dot for graph 158/185
Running dot for graph 159/185
Running dot for graph 160/185
Running dot for graph 161/185
Running dot for graph 162/185
Running dot for graph 163/185
Running dot for graph 164/185
Running dot for graph 165/185
Running dot for graph 166/185
Running dot for graph 167/185
Running dot for graph 168/185
Running dot for graph 169/185
Running dot for graph 170/185
Running dot for graph 171/185
Running dot for graph 172/185
Running dot for graph 173/185
Running dot for graph 174/185
Running dot for graph 175/185
Running dot for graph 176/185
Running dot for graph 177/185
Running dot for graph 178/185
Running dot for graph 179/185
Running dot for graph 180/185
Running dot for graph 181/185
Running dot for graph 182/185
Running dot for graph 183/185
Running dot for graph 184/185
Running dot for graph 185/185
Patching output file 1/72
Patching output file 2/72
Patching output file 3/72
Patching output file 4/72
Patching output file 5/72
Patching output file 6/72
Patching output file 7/72
Patching output file 8/72
Patching output file 9/72
Patching output file 10/72
Patching output file 11/72
Patching output file 12/72
Patching output file 13/72
Patching output file 14/72
Patching output file 15/72
Patching output file 16/72
Patching output file 17/72
Patching output file 18/72
Patching output file 19/72
Patching output file 20/72
Patching output file 21/72
Patching output file 22/72
Patching output file 23/72
Patching output file 24/72
Patching output file 25/72
Patching output file 26/72
Patching output file 27/72
Patching output file 28/72
Patching output file 29/72
Patching output file 30/72
Patching output file 31/72
Patching output file 32/72
Patching output file 33/72
Patching output file 34/72
Patching output file 35/72
Patching output file 36/72
Patching output file 37/72
Patching output file 38/72
Patching output file 39/72
Patching output file 40/72
Patching output file 41/72
Patching output file 42/72
Patching output file 43/72
Patching output file 44/72
Patching output file 45/72
Patching output file 46/72
Patching output file 47/72
Patching output file 48/72
Patching output file 49/72
Patching output file 50/72
Patching output file 51/72
Patching output file 52/72
Patching output file 53/72
Patching output file 54/72
Patching output file 55/72
Patching output file 56/72
Patching output file 57/72
Patching output file 58/72
Patching output file 59/72
Patching output file 60/72
Patching output file 61/72
Patching output file 62/72
Patching output file 63/72
Patching output file 64/72
Patching output file 65/72
Patching output file 66/72
Patching output file 67/72
Patching output file 68/72
Patching output file 69/72
Patching output file 70/72
Patching output file 71/72
Patching output file 72/72
lookup cache used 2442/65536 hits=28266 misses=2589
finished...
